{"/home/sufian/Desktop/Web/animeko/backend/babel.config.js": {"path":"/home/sufian/Desktop/Web/animeko/backend/babel.config.js","statementMap":{},"fnMap":{},"branchMap":{},"s":{},"f":{},"b":{}}
,"/home/sufian/Desktop/Web/animeko/backend/db.js": {"path":"/home/sufian/Desktop/Web/animeko/backend/db.js","statementMap":{"0":{"start":{"line":6,"column":15},"end":{"line":6,"column":17}},"1":{"start":{"line":8,"column":19},"end":{"line":8,"column":49}},"2":{"start":{"line":9,"column":18},"end":{"line":9,"column":42}},"3":{"start":{"line":12,"column":0},"end":{"line":12,"column":55}},"4":{"start":{"line":14,"column":13},"end":{"line":20,"column":2}}},"fnMap":{},"branchMap":{},"s":{"0":0,"1":0,"2":0,"3":0,"4":0},"f":{},"b":{}}
,"/home/sufian/Desktop/Web/animeko/backend/middlewares/authenticate.js": {"path":"/home/sufian/Desktop/Web/animeko/backend/middlewares/authenticate.js","statementMap":{"0":{"start":{"line":6,"column":23},"end":{"line":6,"column":48}},"1":{"start":{"line":7,"column":4},"end":{"line":9,"column":5}},"2":{"start":{"line":8,"column":8},"end":{"line":8,"column":75}},"3":{"start":{"line":11,"column":18},"end":{"line":11,"column":42}},"4":{"start":{"line":12,"column":4},"end":{"line":72,"column":5}},"5":{"start":{"line":14,"column":24},"end":{"line":14,"column":65}},"6":{"start":{"line":18,"column":27},"end":{"line":30,"column":9}},"7":{"start":{"line":34,"column":8},"end":{"line":36,"column":9}},"8":{"start":{"line":35,"column":12},"end":{"line":35,"column":69}},"9":{"start":{"line":38,"column":21},"end":{"line":38,"column":39}},"10":{"start":{"line":44,"column":24},"end":{"line":44,"column":94}},"11":{"start":{"line":47,"column":8},"end":{"line":56,"column":10}},"12":{"start":{"line":58,"column":8},"end":{"line":58,"column":69}},"13":{"start":{"line":68,"column":8},"end":{"line":68,"column":15}},"14":{"start":{"line":70,"column":8},"end":{"line":70,"column":54}},"15":{"start":{"line":71,"column":8},"end":{"line":71,"column":75}}},"fnMap":{"0":{"name":"authenticate","decl":{"start":{"line":5,"column":15},"end":{"line":5,"column":27}},"loc":{"start":{"line":5,"column":44},"end":{"line":73,"column":1}},"line":5}},"branchMap":{"0":{"loc":{"start":{"line":7,"column":4},"end":{"line":9,"column":5}},"type":"if","locations":[{"start":{"line":7,"column":4},"end":{"line":9,"column":5}},{"start":{},"end":{}}],"line":7},"1":{"loc":{"start":{"line":7,"column":8},"end":{"line":7,"column":56}},"type":"binary-expr","locations":[{"start":{"line":7,"column":8},"end":{"line":7,"column":19}},{"start":{"line":7,"column":23},"end":{"line":7,"column":56}}],"line":7},"2":{"loc":{"start":{"line":34,"column":8},"end":{"line":36,"column":9}},"type":"if","locations":[{"start":{"line":34,"column":8},"end":{"line":36,"column":9}},{"start":{},"end":{}}],"line":34},"3":{"loc":{"start":{"line":44,"column":24},"end":{"line":44,"column":94}},"type":"binary-expr","locations":[{"start":{"line":44,"column":24},"end":{"line":44,"column":46}},{"start":{"line":44,"column":50},"end":{"line":44,"column":71}},{"start":{"line":44,"column":75},"end":{"line":44,"column":94}}],"line":44}},"s":{"0":0,"1":0,"2":0,"3":0,"4":0,"5":0,"6":0,"7":0,"8":0,"9":0,"10":0,"11":0,"12":0,"13":0,"14":0,"15":0},"f":{"0":0},"b":{"0":[0,0],"1":[0,0],"2":[0,0],"3":[0,0,0]}}
,"/home/sufian/Desktop/Web/animeko/backend/middlewares/authorizeAdmin.js": {"path":"/home/sufian/Desktop/Web/animeko/backend/middlewares/authorizeAdmin.js","statementMap":{"0":{"start":{"line":3,"column":4},"end":{"line":5,"column":5}},"1":{"start":{"line":4,"column":8},"end":{"line":4,"column":76}},"2":{"start":{"line":6,"column":4},"end":{"line":6,"column":11}}},"fnMap":{"0":{"name":"authorizeAdmin","decl":{"start":{"line":2,"column":9},"end":{"line":2,"column":23}},"loc":{"start":{"line":2,"column":40},"end":{"line":7,"column":1}},"line":2}},"branchMap":{"0":{"loc":{"start":{"line":3,"column":4},"end":{"line":5,"column":5}},"type":"if","locations":[{"start":{"line":3,"column":4},"end":{"line":5,"column":5}},{"start":{},"end":{}}],"line":3},"1":{"loc":{"start":{"line":3,"column":8},"end":{"line":3,"column":39}},"type":"binary-expr","locations":[{"start":{"line":3,"column":8},"end":{"line":3,"column":17}},{"start":{"line":3,"column":21},"end":{"line":3,"column":39}}],"line":3}},"s":{"0":0,"1":0,"2":0},"f":{"0":0},"b":{"0":[0,0],"1":[0,0]}}
,"/home/sufian/Desktop/Web/animeko/backend/routes/VARoutes.js": {"path":"/home/sufian/Desktop/Web/animeko/backend/routes/VARoutes.js","statementMap":{"0":{"start":{"line":6,"column":15},"end":{"line":6,"column":31}},"1":{"start":{"line":13,"column":0},"end":{"line":29,"column":3}},"2":{"start":{"line":14,"column":4},"end":{"line":28,"column":5}},"3":{"start":{"line":15,"column":23},"end":{"line":23,"column":10}},"4":{"start":{"line":24,"column":8},"end":{"line":24,"column":30}},"5":{"start":{"line":26,"column":8},"end":{"line":26,"column":59}},"6":{"start":{"line":27,"column":8},"end":{"line":27,"column":58}},"7":{"start":{"line":36,"column":0},"end":{"line":85,"column":3}},"8":{"start":{"line":37,"column":21},"end":{"line":37,"column":31}},"9":{"start":{"line":38,"column":15},"end":{"line":38,"column":33}},"10":{"start":{"line":40,"column":4},"end":{"line":42,"column":5}},"11":{"start":{"line":41,"column":8},"end":{"line":41,"column":82}},"12":{"start":{"line":44,"column":4},"end":{"line":84,"column":5}},"13":{"start":{"line":46,"column":25},"end":{"line":55,"column":9}},"14":{"start":{"line":57,"column":8},"end":{"line":59,"column":9}},"15":{"start":{"line":58,"column":12},"end":{"line":58,"column":78}},"16":{"start":{"line":61,"column":19},"end":{"line":61,"column":35}},"17":{"start":{"line":64,"column":28},"end":{"line":75,"column":9}},"18":{"start":{"line":78,"column":8},"end":{"line":78,"column":36}},"19":{"start":{"line":80,"column":8},"end":{"line":80,"column":21}},"20":{"start":{"line":82,"column":8},"end":{"line":82,"column":58}},"21":{"start":{"line":83,"column":8},"end":{"line":83,"column":58}},"22":{"start":{"line":92,"column":0},"end":{"line":139,"column":3}},"23":{"start":{"line":93,"column":45},"end":{"line":93,"column":53}},"24":{"start":{"line":96,"column":4},"end":{"line":98,"column":5}},"25":{"start":{"line":97,"column":8},"end":{"line":97,"column":81}},"26":{"start":{"line":100,"column":4},"end":{"line":138,"column":5}},"27":{"start":{"line":102,"column":33},"end":{"line":102,"column":37}},"28":{"start":{"line":103,"column":8},"end":{"line":113,"column":9}},"29":{"start":{"line":104,"column":12},"end":{"line":112,"column":13}},"30":{"start":{"line":106,"column":29},"end":{"line":106,"column":48}},"31":{"start":{"line":107,"column":16},"end":{"line":109,"column":17}},"32":{"start":{"line":108,"column":20},"end":{"line":108,"column":74}},"33":{"start":{"line":111,"column":16},"end":{"line":111,"column":75}},"34":{"start":{"line":115,"column":23},"end":{"line":129,"column":9}},"35":{"start":{"line":131,"column":8},"end":{"line":131,"column":45}},"36":{"start":{"line":133,"column":8},"end":{"line":133,"column":58}},"37":{"start":{"line":134,"column":8},"end":{"line":137,"column":11}},"38":{"start":{"line":146,"column":0},"end":{"line":208,"column":3}},"39":{"start":{"line":147,"column":21},"end":{"line":147,"column":31}},"40":{"start":{"line":148,"column":15},"end":{"line":148,"column":33}},"41":{"start":{"line":149,"column":45},"end":{"line":149,"column":53}},"42":{"start":{"line":151,"column":4},"end":{"line":153,"column":5}},"43":{"start":{"line":152,"column":8},"end":{"line":152,"column":82}},"44":{"start":{"line":156,"column":4},"end":{"line":158,"column":5}},"45":{"start":{"line":157,"column":8},"end":{"line":157,"column":85}},"46":{"start":{"line":160,"column":4},"end":{"line":207,"column":5}},"47":{"start":{"line":162,"column":33},"end":{"line":162,"column":37}},"48":{"start":{"line":163,"column":8},"end":{"line":173,"column":9}},"49":{"start":{"line":164,"column":12},"end":{"line":172,"column":13}},"50":{"start":{"line":166,"column":29},"end":{"line":166,"column":48}},"51":{"start":{"line":167,"column":16},"end":{"line":169,"column":17}},"52":{"start":{"line":168,"column":20},"end":{"line":168,"column":74}},"53":{"start":{"line":171,"column":16},"end":{"line":171,"column":75}},"54":{"start":{"line":175,"column":23},"end":{"line":193,"column":9}},"55":{"start":{"line":195,"column":8},"end":{"line":197,"column":9}},"56":{"start":{"line":196,"column":12},"end":{"line":196,"column":78}},"57":{"start":{"line":200,"column":8},"end":{"line":200,"column":33}},"58":{"start":{"line":202,"column":8},"end":{"line":202,"column":58}},"59":{"start":{"line":203,"column":8},"end":{"line":206,"column":11}},"60":{"start":{"line":215,"column":0},"end":{"line":256,"column":3}},"61":{"start":{"line":216,"column":21},"end":{"line":216,"column":31}},"62":{"start":{"line":217,"column":15},"end":{"line":217,"column":33}},"63":{"start":{"line":219,"column":4},"end":{"line":221,"column":5}},"64":{"start":{"line":220,"column":8},"end":{"line":220,"column":82}},"65":{"start":{"line":223,"column":4},"end":{"line":255,"column":5}},"66":{"start":{"line":225,"column":22},"end":{"line":228,"column":9}},"67":{"start":{"line":230,"column":8},"end":{"line":232,"column":9}},"68":{"start":{"line":231,"column":12},"end":{"line":231,"column":78}},"69":{"start":{"line":235,"column":8},"end":{"line":238,"column":10}},"70":{"start":{"line":240,"column":8},"end":{"line":240,"column":66}},"71":{"start":{"line":242,"column":8},"end":{"line":242,"column":58}},"72":{"start":{"line":245,"column":8},"end":{"line":249,"column":9}},"73":{"start":{"line":246,"column":12},"end":{"line":248,"column":15}},"74":{"start":{"line":251,"column":8},"end":{"line":254,"column":11}}},"fnMap":{"0":{"name":"(anonymous_0)","decl":{"start":{"line":13,"column":28},"end":{"line":13,"column":29}},"loc":{"start":{"line":13,"column":48},"end":{"line":29,"column":1}},"line":13},"1":{"name":"(anonymous_1)","decl":{"start":{"line":36,"column":34},"end":{"line":36,"column":35}},"loc":{"start":{"line":36,"column":54},"end":{"line":85,"column":1}},"line":36},"2":{"name":"(anonymous_2)","decl":{"start":{"line":92,"column":59},"end":{"line":92,"column":60}},"loc":{"start":{"line":92,"column":79},"end":{"line":139,"column":1}},"line":92},"3":{"name":"(anonymous_3)","decl":{"start":{"line":146,"column":64},"end":{"line":146,"column":65}},"loc":{"start":{"line":146,"column":84},"end":{"line":208,"column":1}},"line":146},"4":{"name":"(anonymous_4)","decl":{"start":{"line":215,"column":67},"end":{"line":215,"column":68}},"loc":{"start":{"line":215,"column":87},"end":{"line":256,"column":1}},"line":215}},"branchMap":{"0":{"loc":{"start":{"line":40,"column":4},"end":{"line":42,"column":5}},"type":"if","locations":[{"start":{"line":40,"column":4},"end":{"line":42,"column":5}},{"start":{},"end":{}}],"line":40},"1":{"loc":{"start":{"line":57,"column":8},"end":{"line":59,"column":9}},"type":"if","locations":[{"start":{"line":57,"column":8},"end":{"line":59,"column":9}},{"start":{},"end":{}}],"line":57},"2":{"loc":{"start":{"line":96,"column":4},"end":{"line":98,"column":5}},"type":"if","locations":[{"start":{"line":96,"column":4},"end":{"line":98,"column":5}},{"start":{},"end":{}}],"line":96},"3":{"loc":{"start":{"line":96,"column":8},"end":{"line":96,"column":63}},"type":"binary-expr","locations":[{"start":{"line":96,"column":8},"end":{"line":96,"column":13}},{"start":{"line":96,"column":17},"end":{"line":96,"column":41}},{"start":{"line":96,"column":45},"end":{"line":96,"column":63}}],"line":96},"4":{"loc":{"start":{"line":103,"column":8},"end":{"line":113,"column":9}},"type":"if","locations":[{"start":{"line":103,"column":8},"end":{"line":113,"column":9}},{"start":{},"end":{}}],"line":103},"5":{"loc":{"start":{"line":107,"column":16},"end":{"line":109,"column":17}},"type":"if","locations":[{"start":{"line":107,"column":16},"end":{"line":109,"column":17}},{"start":{},"end":{}}],"line":107},"6":{"loc":{"start":{"line":127,"column":16},"end":{"line":127,"column":43}},"type":"binary-expr","locations":[{"start":{"line":127,"column":16},"end":{"line":127,"column":35}},{"start":{"line":127,"column":39},"end":{"line":127,"column":43}}],"line":127},"7":{"loc":{"start":{"line":136,"column":19},"end":{"line":136,"column":83}},"type":"cond-expr","locations":[{"start":{"line":136,"column":60},"end":{"line":136,"column":71}},{"start":{"line":136,"column":74},"end":{"line":136,"column":83}}],"line":136},"8":{"loc":{"start":{"line":151,"column":4},"end":{"line":153,"column":5}},"type":"if","locations":[{"start":{"line":151,"column":4},"end":{"line":153,"column":5}},{"start":{},"end":{}}],"line":151},"9":{"loc":{"start":{"line":156,"column":4},"end":{"line":158,"column":5}},"type":"if","locations":[{"start":{"line":156,"column":4},"end":{"line":158,"column":5}},{"start":{},"end":{}}],"line":156},"10":{"loc":{"start":{"line":156,"column":8},"end":{"line":156,"column":78}},"type":"binary-expr","locations":[{"start":{"line":156,"column":8},"end":{"line":156,"column":26}},{"start":{"line":156,"column":31},"end":{"line":156,"column":55}},{"start":{"line":156,"column":59},"end":{"line":156,"column":77}}],"line":156},"11":{"loc":{"start":{"line":163,"column":8},"end":{"line":173,"column":9}},"type":"if","locations":[{"start":{"line":163,"column":8},"end":{"line":173,"column":9}},{"start":{},"end":{}}],"line":163},"12":{"loc":{"start":{"line":167,"column":16},"end":{"line":169,"column":17}},"type":"if","locations":[{"start":{"line":167,"column":16},"end":{"line":169,"column":17}},{"start":{},"end":{}}],"line":167},"13":{"loc":{"start":{"line":190,"column":16},"end":{"line":190,"column":43}},"type":"binary-expr","locations":[{"start":{"line":190,"column":16},"end":{"line":190,"column":35}},{"start":{"line":190,"column":39},"end":{"line":190,"column":43}}],"line":190},"14":{"loc":{"start":{"line":195,"column":8},"end":{"line":197,"column":9}},"type":"if","locations":[{"start":{"line":195,"column":8},"end":{"line":197,"column":9}},{"start":{},"end":{}}],"line":195},"15":{"loc":{"start":{"line":205,"column":19},"end":{"line":205,"column":83}},"type":"cond-expr","locations":[{"start":{"line":205,"column":60},"end":{"line":205,"column":71}},{"start":{"line":205,"column":74},"end":{"line":205,"column":83}}],"line":205},"16":{"loc":{"start":{"line":219,"column":4},"end":{"line":221,"column":5}},"type":"if","locations":[{"start":{"line":219,"column":4},"end":{"line":221,"column":5}},{"start":{},"end":{}}],"line":219},"17":{"loc":{"start":{"line":230,"column":8},"end":{"line":232,"column":9}},"type":"if","locations":[{"start":{"line":230,"column":8},"end":{"line":232,"column":9}},{"start":{},"end":{}}],"line":230},"18":{"loc":{"start":{"line":245,"column":8},"end":{"line":249,"column":9}},"type":"if","locations":[{"start":{"line":245,"column":8},"end":{"line":249,"column":9}},{"start":{},"end":{}}],"line":245},"19":{"loc":{"start":{"line":253,"column":19},"end":{"line":253,"column":83}},"type":"cond-expr","locations":[{"start":{"line":253,"column":60},"end":{"line":253,"column":71}},{"start":{"line":253,"column":74},"end":{"line":253,"column":83}}],"line":253}},"s":{"0":0,"1":0,"2":0,"3":0,"4":0,"5":0,"6":0,"7":0,"8":0,"9":0,"10":0,"11":0,"12":0,"13":0,"14":0,"15":0,"16":0,"17":0,"18":0,"19":0,"20":0,"21":0,"22":0,"23":0,"24":0,"25":0,"26":0,"27":0,"28":0,"29":0,"30":0,"31":0,"32":0,"33":0,"34":0,"35":0,"36":0,"37":0,"38":0,"39":0,"40":0,"41":0,"42":0,"43":0,"44":0,"45":0,"46":0,"47":0,"48":0,"49":0,"50":0,"51":0,"52":0,"53":0,"54":0,"55":0,"56":0,"57":0,"58":0,"59":0,"60":0,"61":0,"62":0,"63":0,"64":0,"65":0,"66":0,"67":0,"68":0,"69":0,"70":0,"71":0,"72":0,"73":0,"74":0},"f":{"0":0,"1":0,"2":0,"3":0,"4":0},"b":{"0":[0,0],"1":[0,0],"2":[0,0],"3":[0,0,0],"4":[0,0],"5":[0,0],"6":[0,0],"7":[0,0],"8":[0,0],"9":[0,0],"10":[0,0,0],"11":[0,0],"12":[0,0],"13":[0,0],"14":[0,0],"15":[0,0],"16":[0,0],"17":[0,0],"18":[0,0],"19":[0,0]}}
,"/home/sufian/Desktop/Web/animeko/backend/routes/animeRoutes.js": {"path":"/home/sufian/Desktop/Web/animeko/backend/routes/animeRoutes.js","statementMap":{"0":{"start":{"line":6,"column":15},"end":{"line":6,"column":31}},"1":{"start":{"line":13,"column":0},"end":{"line":80,"column":3}},"2":{"start":{"line":14,"column":4},"end":{"line":79,"column":5}},"3":{"start":{"line":18,"column":37},"end":{"line":18,"column":46}},"4":{"start":{"line":21,"column":20},"end":{"line":36,"column":9}},"5":{"start":{"line":38,"column":23},"end":{"line":38,"column":25}},"6":{"start":{"line":39,"column":25},"end":{"line":39,"column":26}},"7":{"start":{"line":42,"column":8},"end":{"line":45,"column":9}},"8":{"start":{"line":43,"column":12},"end":{"line":43,"column":38}},"9":{"start":{"line":44,"column":12},"end":{"line":44,"column":57}},"10":{"start":{"line":48,"column":8},"end":{"line":56,"column":9}},"11":{"start":{"line":49,"column":12},"end":{"line":49,"column":38}},"12":{"start":{"line":50,"column":12},"end":{"line":55,"column":9}},"13":{"start":{"line":59,"column":8},"end":{"line":65,"column":9}},"14":{"start":{"line":60,"column":12},"end":{"line":62,"column":13}},"15":{"start":{"line":61,"column":16},"end":{"line":61,"column":100}},"16":{"start":{"line":63,"column":12},"end":{"line":63,"column":30}},"17":{"start":{"line":64,"column":12},"end":{"line":64,"column":79}},"18":{"start":{"line":68,"column":8},"end":{"line":68,"column":39}},"19":{"start":{"line":72,"column":23},"end":{"line":72,"column":54}},"20":{"start":{"line":75,"column":8},"end":{"line":75,"column":30}},"21":{"start":{"line":77,"column":8},"end":{"line":77,"column":52}},"22":{"start":{"line":78,"column":8},"end":{"line":78,"column":18}},"23":{"start":{"line":86,"column":0},"end":{"line":144,"column":3}},"24":{"start":{"line":87,"column":22},"end":{"line":87,"column":32}},"25":{"start":{"line":89,"column":4},"end":{"line":143,"column":5}},"26":{"start":{"line":91,"column":28},"end":{"line":97,"column":44}},"27":{"start":{"line":99,"column":8},"end":{"line":101,"column":9}},"28":{"start":{"line":100,"column":12},"end":{"line":100,"column":70}},"29":{"start":{"line":103,"column":22},"end":{"line":103,"column":41}},"30":{"start":{"line":106,"column":28},"end":{"line":110,"column":47}},"31":{"start":{"line":112,"column":8},"end":{"line":112,"column":40}},"32":{"start":{"line":115,"column":8},"end":{"line":124,"column":9}},"33":{"start":{"line":116,"column":34},"end":{"line":119,"column":59}},"34":{"start":{"line":121,"column":12},"end":{"line":121,"column":58}},"35":{"start":{"line":123,"column":12},"end":{"line":123,"column":33}},"36":{"start":{"line":127,"column":27},"end":{"line":135,"column":47}},"37":{"start":{"line":137,"column":8},"end":{"line":137,"column":37}},"38":{"start":{"line":139,"column":8},"end":{"line":139,"column":31}},"39":{"start":{"line":141,"column":8},"end":{"line":141,"column":59}},"40":{"start":{"line":142,"column":8},"end":{"line":142,"column":63}},"41":{"start":{"line":148,"column":0},"end":{"line":174,"column":3}},"42":{"start":{"line":149,"column":56},"end":{"line":149,"column":64}},"43":{"start":{"line":151,"column":4},"end":{"line":173,"column":5}},"44":{"start":{"line":153,"column":28},"end":{"line":153,"column":86}},"45":{"start":{"line":154,"column":26},"end":{"line":154,"column":78}},"46":{"start":{"line":156,"column":23},"end":{"line":165,"column":9}},"47":{"start":{"line":166,"column":8},"end":{"line":166,"column":45}},"48":{"start":{"line":168,"column":8},"end":{"line":168,"column":52}},"49":{"start":{"line":169,"column":8},"end":{"line":172,"column":11}},"50":{"start":{"line":177,"column":0},"end":{"line":213,"column":3}},"51":{"start":{"line":178,"column":22},"end":{"line":178,"column":32}},"52":{"start":{"line":179,"column":56},"end":{"line":179,"column":64}},"53":{"start":{"line":181,"column":4},"end":{"line":212,"column":5}},"54":{"start":{"line":183,"column":28},"end":{"line":183,"column":86}},"55":{"start":{"line":184,"column":26},"end":{"line":184,"column":78}},"56":{"start":{"line":186,"column":23},"end":{"line":199,"column":9}},"57":{"start":{"line":201,"column":8},"end":{"line":203,"column":9}},"58":{"start":{"line":202,"column":12},"end":{"line":202,"column":70}},"59":{"start":{"line":205,"column":8},"end":{"line":205,"column":33}},"60":{"start":{"line":207,"column":8},"end":{"line":207,"column":52}},"61":{"start":{"line":208,"column":8},"end":{"line":211,"column":11}},"62":{"start":{"line":217,"column":0},"end":{"line":270,"column":3}},"63":{"start":{"line":218,"column":22},"end":{"line":218,"column":32}},"64":{"start":{"line":221,"column":15},"end":{"line":221,"column":36}},"65":{"start":{"line":222,"column":4},"end":{"line":227,"column":5}},"66":{"start":{"line":223,"column":8},"end":{"line":226,"column":11}},"67":{"start":{"line":229,"column":19},"end":{"line":229,"column":39}},"68":{"start":{"line":231,"column":4},"end":{"line":269,"column":5}},"69":{"start":{"line":232,"column":8},"end":{"line":232,"column":36}},"70":{"start":{"line":235,"column":8},"end":{"line":238,"column":10}},"71":{"start":{"line":241,"column":23},"end":{"line":244,"column":9}},"72":{"start":{"line":246,"column":8},"end":{"line":252,"column":9}},"73":{"start":{"line":247,"column":12},"end":{"line":247,"column":43}},"74":{"start":{"line":248,"column":12},"end":{"line":251,"column":15}},"75":{"start":{"line":254,"column":8},"end":{"line":254,"column":37}},"76":{"start":{"line":255,"column":8},"end":{"line":258,"column":11}},"77":{"start":{"line":260,"column":8},"end":{"line":260,"column":39}},"78":{"start":{"line":261,"column":8},"end":{"line":261,"column":52}},"79":{"start":{"line":262,"column":8},"end":{"line":266,"column":11}},"80":{"start":{"line":268,"column":8},"end":{"line":268,"column":25}}},"fnMap":{"0":{"name":"(anonymous_0)","decl":{"start":{"line":13,"column":22},"end":{"line":13,"column":23}},"loc":{"start":{"line":13,"column":48},"end":{"line":80,"column":1}},"line":13},"1":{"name":"(anonymous_1)","decl":{"start":{"line":86,"column":30},"end":{"line":86,"column":31}},"loc":{"start":{"line":86,"column":50},"end":{"line":144,"column":1}},"line":86},"2":{"name":"(anonymous_2)","decl":{"start":{"line":148,"column":53},"end":{"line":148,"column":54}},"loc":{"start":{"line":148,"column":73},"end":{"line":174,"column":1}},"line":148},"3":{"name":"(anonymous_3)","decl":{"start":{"line":177,"column":61},"end":{"line":177,"column":62}},"loc":{"start":{"line":177,"column":81},"end":{"line":213,"column":1}},"line":177},"4":{"name":"(anonymous_4)","decl":{"start":{"line":217,"column":64},"end":{"line":217,"column":65}},"loc":{"start":{"line":217,"column":84},"end":{"line":270,"column":1}},"line":217}},"branchMap":{"0":{"loc":{"start":{"line":42,"column":8},"end":{"line":45,"column":9}},"type":"if","locations":[{"start":{"line":42,"column":8},"end":{"line":45,"column":9}},{"start":{},"end":{}}],"line":42},"1":{"loc":{"start":{"line":48,"column":8},"end":{"line":56,"column":9}},"type":"if","locations":[{"start":{"line":48,"column":8},"end":{"line":56,"column":9}},{"start":{},"end":{}}],"line":48},"2":{"loc":{"start":{"line":59,"column":8},"end":{"line":65,"column":9}},"type":"if","locations":[{"start":{"line":59,"column":8},"end":{"line":65,"column":9}},{"start":{},"end":{}}],"line":59},"3":{"loc":{"start":{"line":60,"column":12},"end":{"line":62,"column":13}},"type":"if","locations":[{"start":{"line":60,"column":12},"end":{"line":62,"column":13}},{"start":{},"end":{}}],"line":60},"4":{"loc":{"start":{"line":60,"column":16},"end":{"line":60,"column":57}},"type":"binary-expr","locations":[{"start":{"line":60,"column":16},"end":{"line":60,"column":27}},{"start":{"line":60,"column":31},"end":{"line":60,"column":42}},{"start":{"line":60,"column":46},"end":{"line":60,"column":57}}],"line":60},"5":{"loc":{"start":{"line":99,"column":8},"end":{"line":101,"column":9}},"type":"if","locations":[{"start":{"line":99,"column":8},"end":{"line":101,"column":9}},{"start":{},"end":{}}],"line":99},"6":{"loc":{"start":{"line":115,"column":8},"end":{"line":124,"column":9}},"type":"if","locations":[{"start":{"line":115,"column":8},"end":{"line":124,"column":9}},{"start":{"line":122,"column":15},"end":{"line":124,"column":9}}],"line":115},"7":{"loc":{"start":{"line":121,"column":28},"end":{"line":121,"column":57}},"type":"binary-expr","locations":[{"start":{"line":121,"column":28},"end":{"line":121,"column":49}},{"start":{"line":121,"column":53},"end":{"line":121,"column":57}}],"line":121},"8":{"loc":{"start":{"line":153,"column":28},"end":{"line":153,"column":86}},"type":"cond-expr","locations":[{"start":{"line":153,"column":67},"end":{"line":153,"column":71}},{"start":{"line":153,"column":74},"end":{"line":153,"column":86}}],"line":153},"9":{"loc":{"start":{"line":153,"column":28},"end":{"line":153,"column":64}},"type":"binary-expr","locations":[{"start":{"line":153,"column":28},"end":{"line":153,"column":41}},{"start":{"line":153,"column":45},"end":{"line":153,"column":64}}],"line":153},"10":{"loc":{"start":{"line":154,"column":26},"end":{"line":154,"column":78}},"type":"cond-expr","locations":[{"start":{"line":154,"column":61},"end":{"line":154,"column":65}},{"start":{"line":154,"column":68},"end":{"line":154,"column":78}}],"line":154},"11":{"loc":{"start":{"line":154,"column":26},"end":{"line":154,"column":58}},"type":"binary-expr","locations":[{"start":{"line":154,"column":26},"end":{"line":154,"column":37}},{"start":{"line":154,"column":41},"end":{"line":154,"column":58}}],"line":154},"12":{"loc":{"start":{"line":183,"column":28},"end":{"line":183,"column":86}},"type":"cond-expr","locations":[{"start":{"line":183,"column":67},"end":{"line":183,"column":71}},{"start":{"line":183,"column":74},"end":{"line":183,"column":86}}],"line":183},"13":{"loc":{"start":{"line":183,"column":28},"end":{"line":183,"column":64}},"type":"binary-expr","locations":[{"start":{"line":183,"column":28},"end":{"line":183,"column":41}},{"start":{"line":183,"column":45},"end":{"line":183,"column":64}}],"line":183},"14":{"loc":{"start":{"line":184,"column":26},"end":{"line":184,"column":78}},"type":"cond-expr","locations":[{"start":{"line":184,"column":61},"end":{"line":184,"column":65}},{"start":{"line":184,"column":68},"end":{"line":184,"column":78}}],"line":184},"15":{"loc":{"start":{"line":184,"column":26},"end":{"line":184,"column":58}},"type":"binary-expr","locations":[{"start":{"line":184,"column":26},"end":{"line":184,"column":37}},{"start":{"line":184,"column":41},"end":{"line":184,"column":58}}],"line":184},"16":{"loc":{"start":{"line":201,"column":8},"end":{"line":203,"column":9}},"type":"if","locations":[{"start":{"line":201,"column":8},"end":{"line":203,"column":9}},{"start":{},"end":{}}],"line":201},"17":{"loc":{"start":{"line":222,"column":4},"end":{"line":227,"column":5}},"type":"if","locations":[{"start":{"line":222,"column":4},"end":{"line":227,"column":5}},{"start":{},"end":{}}],"line":222},"18":{"loc":{"start":{"line":246,"column":8},"end":{"line":252,"column":9}},"type":"if","locations":[{"start":{"line":246,"column":8},"end":{"line":252,"column":9}},{"start":{},"end":{}}],"line":246}},"s":{"0":0,"1":0,"2":0,"3":0,"4":0,"5":0,"6":0,"7":0,"8":0,"9":0,"10":0,"11":0,"12":0,"13":0,"14":0,"15":0,"16":0,"17":0,"18":0,"19":0,"20":0,"21":0,"22":0,"23":0,"24":0,"25":0,"26":0,"27":0,"28":0,"29":0,"30":0,"31":0,"32":0,"33":0,"34":0,"35":0,"36":0,"37":0,"38":0,"39":0,"40":0,"41":0,"42":0,"43":0,"44":0,"45":0,"46":0,"47":0,"48":0,"49":0,"50":0,"51":0,"52":0,"53":0,"54":0,"55":0,"56":0,"57":0,"58":0,"59":0,"60":0,"61":0,"62":0,"63":0,"64":0,"65":0,"66":0,"67":0,"68":0,"69":0,"70":0,"71":0,"72":0,"73":0,"74":0,"75":0,"76":0,"77":0,"78":0,"79":0,"80":0},"f":{"0":0,"1":0,"2":0,"3":0,"4":0},"b":{"0":[0,0],"1":[0,0],"2":[0,0],"3":[0,0],"4":[0,0,0],"5":[0,0],"6":[0,0],"7":[0,0],"8":[0,0],"9":[0,0],"10":[0,0],"11":[0,0],"12":[0,0],"13":[0,0],"14":[0,0],"15":[0,0],"16":[0,0],"17":[0,0],"18":[0,0]}}
,"/home/sufian/Desktop/Web/animeko/backend/routes/authRoutes.js": {"path":"/home/sufian/Desktop/Web/animeko/backend/routes/authRoutes.js","statementMap":{"0":{"start":{"line":7,"column":15},"end":{"line":7,"column":31}},"1":{"start":{"line":10,"column":0},"end":{"line":71,"column":3}},"2":{"start":{"line":11,"column":4},"end":{"line":70,"column":5}},"3":{"start":{"line":12,"column":69},"end":{"line":12,"column":77}},"4":{"start":{"line":15,"column":8},"end":{"line":17,"column":9}},"5":{"start":{"line":16,"column":12},"end":{"line":16,"column":98}},"6":{"start":{"line":20,"column":25},"end":{"line":23,"column":9}},"7":{"start":{"line":24,"column":8},"end":{"line":26,"column":9}},"8":{"start":{"line":25,"column":12},"end":{"line":25,"column":88}},"9":{"start":{"line":29,"column":27},"end":{"line":29,"column":29}},"10":{"start":{"line":30,"column":30},"end":{"line":30,"column":69}},"11":{"start":{"line":34,"column":23},"end":{"line":34,"column":28}},"12":{"start":{"line":35,"column":8},"end":{"line":37,"column":9}},"13":{"start":{"line":36,"column":12},"end":{"line":36,"column":28}},"14":{"start":{"line":40,"column":23},"end":{"line":44,"column":9}},"15":{"start":{"line":45,"column":24},"end":{"line":45,"column":38}},"16":{"start":{"line":48,"column":29},"end":{"line":52,"column":9}},"17":{"start":{"line":53,"column":22},"end":{"line":55,"column":10}},"18":{"start":{"line":58,"column":8},"end":{"line":66,"column":11}},"19":{"start":{"line":68,"column":8},"end":{"line":68,"column":27}},"20":{"start":{"line":69,"column":8},"end":{"line":69,"column":64}},"21":{"start":{"line":74,"column":0},"end":{"line":106,"column":3}},"22":{"start":{"line":75,"column":33},"end":{"line":75,"column":41}},"23":{"start":{"line":76,"column":4},"end":{"line":105,"column":5}},"24":{"start":{"line":77,"column":23},"end":{"line":77,"column":133}},"25":{"start":{"line":78,"column":8},"end":{"line":80,"column":9}},"26":{"start":{"line":79,"column":12},"end":{"line":79,"column":74}},"27":{"start":{"line":81,"column":21},"end":{"line":81,"column":35}},"28":{"start":{"line":82,"column":22},"end":{"line":82,"column":72}},"29":{"start":{"line":83,"column":8},"end":{"line":85,"column":9}},"30":{"start":{"line":84,"column":12},"end":{"line":84,"column":74}},"31":{"start":{"line":88,"column":24},"end":{"line":90,"column":9}},"32":{"start":{"line":92,"column":22},"end":{"line":94,"column":10}},"33":{"start":{"line":97,"column":8},"end":{"line":101,"column":11}},"34":{"start":{"line":103,"column":8},"end":{"line":103,"column":27}},"35":{"start":{"line":104,"column":8},"end":{"line":104,"column":56}},"36":{"start":{"line":110,"column":0},"end":{"line":124,"column":3}},"37":{"start":{"line":111,"column":4},"end":{"line":123,"column":5}},"38":{"start":{"line":112,"column":23},"end":{"line":112,"column":177}},"39":{"start":{"line":114,"column":8},"end":{"line":116,"column":9}},"40":{"start":{"line":115,"column":12},"end":{"line":115,"column":69}},"41":{"start":{"line":118,"column":8},"end":{"line":118,"column":33}},"42":{"start":{"line":121,"column":8},"end":{"line":121,"column":53}},"43":{"start":{"line":122,"column":8},"end":{"line":122,"column":56}},"44":{"start":{"line":127,"column":0},"end":{"line":141,"column":3}},"45":{"start":{"line":128,"column":4},"end":{"line":140,"column":5}},"46":{"start":{"line":129,"column":44},"end":{"line":129,"column":52}},"47":{"start":{"line":131,"column":23},"end":{"line":131,"column":216}},"48":{"start":{"line":133,"column":8},"end":{"line":135,"column":11}},"49":{"start":{"line":138,"column":8},"end":{"line":138,"column":54}},"50":{"start":{"line":139,"column":8},"end":{"line":139,"column":78}},"51":{"start":{"line":145,"column":23},"end":{"line":145,"column":51}},"52":{"start":{"line":146,"column":18},"end":{"line":146,"column":56}},"53":{"start":{"line":148,"column":4},"end":{"line":150,"column":5}},"54":{"start":{"line":149,"column":8},"end":{"line":149,"column":74}},"55":{"start":{"line":152,"column":4},"end":{"line":159,"column":7}},"56":{"start":{"line":153,"column":8},"end":{"line":155,"column":9}},"57":{"start":{"line":154,"column":12},"end":{"line":154,"column":79}},"58":{"start":{"line":157,"column":8},"end":{"line":157,"column":24}},"59":{"start":{"line":158,"column":8},"end":{"line":158,"column":15}}},"fnMap":{"0":{"name":"(anonymous_0)","decl":{"start":{"line":10,"column":25},"end":{"line":10,"column":26}},"loc":{"start":{"line":10,"column":45},"end":{"line":71,"column":1}},"line":10},"1":{"name":"(anonymous_1)","decl":{"start":{"line":74,"column":22},"end":{"line":74,"column":23}},"loc":{"start":{"line":74,"column":42},"end":{"line":106,"column":1}},"line":74},"2":{"name":"(anonymous_2)","decl":{"start":{"line":110,"column":42},"end":{"line":110,"column":43}},"loc":{"start":{"line":110,"column":62},"end":{"line":124,"column":1}},"line":110},"3":{"name":"(anonymous_3)","decl":{"start":{"line":127,"column":42},"end":{"line":127,"column":43}},"loc":{"start":{"line":127,"column":62},"end":{"line":141,"column":1}},"line":127},"4":{"name":"authenticateToken","decl":{"start":{"line":144,"column":9},"end":{"line":144,"column":26}},"loc":{"start":{"line":144,"column":43},"end":{"line":160,"column":1}},"line":144},"5":{"name":"(anonymous_5)","decl":{"start":{"line":152,"column":46},"end":{"line":152,"column":47}},"loc":{"start":{"line":152,"column":61},"end":{"line":159,"column":5}},"line":152}},"branchMap":{"0":{"loc":{"start":{"line":15,"column":8},"end":{"line":17,"column":9}},"type":"if","locations":[{"start":{"line":15,"column":8},"end":{"line":17,"column":9}},{"start":{},"end":{}}],"line":15},"1":{"loc":{"start":{"line":15,"column":12},"end":{"line":15,"column":44}},"type":"binary-expr","locations":[{"start":{"line":15,"column":12},"end":{"line":15,"column":21}},{"start":{"line":15,"column":25},"end":{"line":15,"column":31}},{"start":{"line":15,"column":35},"end":{"line":15,"column":44}}],"line":15},"2":{"loc":{"start":{"line":24,"column":8},"end":{"line":26,"column":9}},"type":"if","locations":[{"start":{"line":24,"column":8},"end":{"line":26,"column":9}},{"start":{},"end":{}}],"line":24},"3":{"loc":{"start":{"line":35,"column":8},"end":{"line":37,"column":9}},"type":"if","locations":[{"start":{"line":35,"column":8},"end":{"line":37,"column":9}},{"start":{},"end":{}}],"line":35},"4":{"loc":{"start":{"line":35,"column":12},"end":{"line":35,"column":63}},"type":"binary-expr","locations":[{"start":{"line":35,"column":12},"end":{"line":35,"column":21}},{"start":{"line":35,"column":25},"end":{"line":35,"column":63}}],"line":35},"5":{"loc":{"start":{"line":43,"column":45},"end":{"line":43,"column":69}},"type":"binary-expr","locations":[{"start":{"line":43,"column":45},"end":{"line":43,"column":57}},{"start":{"line":43,"column":61},"end":{"line":43,"column":69}}],"line":43},"6":{"loc":{"start":{"line":78,"column":8},"end":{"line":80,"column":9}},"type":"if","locations":[{"start":{"line":78,"column":8},"end":{"line":80,"column":9}},{"start":{},"end":{}}],"line":78},"7":{"loc":{"start":{"line":83,"column":8},"end":{"line":85,"column":9}},"type":"if","locations":[{"start":{"line":83,"column":8},"end":{"line":85,"column":9}},{"start":{},"end":{}}],"line":83},"8":{"loc":{"start":{"line":114,"column":8},"end":{"line":116,"column":9}},"type":"if","locations":[{"start":{"line":114,"column":8},"end":{"line":116,"column":9}},{"start":{},"end":{}}],"line":114},"9":{"loc":{"start":{"line":146,"column":18},"end":{"line":146,"column":56}},"type":"binary-expr","locations":[{"start":{"line":146,"column":18},"end":{"line":146,"column":28}},{"start":{"line":146,"column":32},"end":{"line":146,"column":56}}],"line":146},"10":{"loc":{"start":{"line":148,"column":4},"end":{"line":150,"column":5}},"type":"if","locations":[{"start":{"line":148,"column":4},"end":{"line":150,"column":5}},{"start":{},"end":{}}],"line":148},"11":{"loc":{"start":{"line":153,"column":8},"end":{"line":155,"column":9}},"type":"if","locations":[{"start":{"line":153,"column":8},"end":{"line":155,"column":9}},{"start":{},"end":{}}],"line":153}},"s":{"0":0,"1":0,"2":0,"3":0,"4":0,"5":0,"6":0,"7":0,"8":0,"9":0,"10":0,"11":0,"12":0,"13":0,"14":0,"15":0,"16":0,"17":0,"18":0,"19":0,"20":0,"21":0,"22":0,"23":0,"24":0,"25":0,"26":0,"27":0,"28":0,"29":0,"30":0,"31":0,"32":0,"33":0,"34":0,"35":0,"36":0,"37":0,"38":0,"39":0,"40":0,"41":0,"42":0,"43":0,"44":0,"45":0,"46":0,"47":0,"48":0,"49":0,"50":0,"51":0,"52":0,"53":0,"54":0,"55":0,"56":0,"57":0,"58":0,"59":0},"f":{"0":0,"1":0,"2":0,"3":0,"4":0,"5":0},"b":{"0":[0,0],"1":[0,0,0],"2":[0,0],"3":[0,0],"4":[0,0],"5":[0,0],"6":[0,0],"7":[0,0],"8":[0,0],"9":[0,0],"10":[0,0],"11":[0,0]}}
,"/home/sufian/Desktop/Web/animeko/backend/routes/characterRoutes.js": {"path":"/home/sufian/Desktop/Web/animeko/backend/routes/characterRoutes.js","statementMap":{"0":{"start":{"line":3,"column":15},"end":{"line":3,"column":31}},"1":{"start":{"line":10,"column":0},"end":{"line":48,"column":3}},"2":{"start":{"line":11,"column":21},"end":{"line":11,"column":31}},"3":{"start":{"line":12,"column":4},"end":{"line":47,"column":5}},"4":{"start":{"line":14,"column":27},"end":{"line":19,"column":80}},"5":{"start":{"line":20,"column":8},"end":{"line":22,"column":9}},"6":{"start":{"line":21,"column":12},"end":{"line":21,"column":74}},"7":{"start":{"line":23,"column":26},"end":{"line":23,"column":44}},"8":{"start":{"line":26,"column":8},"end":{"line":33,"column":9}},"9":{"start":{"line":27,"column":26},"end":{"line":29,"column":89}},"10":{"start":{"line":30,"column":12},"end":{"line":32,"column":13}},"11":{"start":{"line":31,"column":16},"end":{"line":31,"column":54}},"12":{"start":{"line":36,"column":29},"end":{"line":40,"column":85}},"13":{"start":{"line":41,"column":8},"end":{"line":41,"column":48}},"14":{"start":{"line":43,"column":8},"end":{"line":43,"column":35}},"15":{"start":{"line":45,"column":8},"end":{"line":45,"column":63}},"16":{"start":{"line":46,"column":8},"end":{"line":46,"column":63}}},"fnMap":{"0":{"name":"(anonymous_0)","decl":{"start":{"line":10,"column":33},"end":{"line":10,"column":34}},"loc":{"start":{"line":10,"column":53},"end":{"line":48,"column":1}},"line":10}},"branchMap":{"0":{"loc":{"start":{"line":20,"column":8},"end":{"line":22,"column":9}},"type":"if","locations":[{"start":{"line":20,"column":8},"end":{"line":22,"column":9}},{"start":{},"end":{}}],"line":20},"1":{"loc":{"start":{"line":26,"column":8},"end":{"line":33,"column":9}},"type":"if","locations":[{"start":{"line":26,"column":8},"end":{"line":33,"column":9}},{"start":{},"end":{}}],"line":26},"2":{"loc":{"start":{"line":30,"column":12},"end":{"line":32,"column":13}},"type":"if","locations":[{"start":{"line":30,"column":12},"end":{"line":32,"column":13}},{"start":{},"end":{}}],"line":30}},"s":{"0":0,"1":0,"2":0,"3":0,"4":0,"5":0,"6":0,"7":0,"8":0,"9":0,"10":0,"11":0,"12":0,"13":0,"14":0,"15":0,"16":0},"f":{"0":0},"b":{"0":[0,0],"1":[0,0],"2":[0,0]}}
,"/home/sufian/Desktop/Web/animeko/backend/routes/companyRoutes.js": {"path":"/home/sufian/Desktop/Web/animeko/backend/routes/companyRoutes.js","statementMap":{"0":{"start":{"line":6,"column":15},"end":{"line":6,"column":31}},"1":{"start":{"line":9,"column":0},"end":{"line":27,"column":3}},"2":{"start":{"line":10,"column":4},"end":{"line":26,"column":5}},"3":{"start":{"line":11,"column":23},"end":{"line":18,"column":10}},"4":{"start":{"line":19,"column":8},"end":{"line":19,"column":30}},"5":{"start":{"line":21,"column":8},"end":{"line":21,"column":56}},"6":{"start":{"line":22,"column":8},"end":{"line":25,"column":11}},"7":{"start":{"line":30,"column":0},"end":{"line":70,"column":3}},"8":{"start":{"line":31,"column":24},"end":{"line":31,"column":34}},"9":{"start":{"line":32,"column":15},"end":{"line":32,"column":38}},"10":{"start":{"line":33,"column":4},"end":{"line":35,"column":5}},"11":{"start":{"line":34,"column":8},"end":{"line":34,"column":76}},"12":{"start":{"line":36,"column":19},"end":{"line":36,"column":39}},"13":{"start":{"line":37,"column":4},"end":{"line":69,"column":5}},"14":{"start":{"line":38,"column":27},"end":{"line":46,"column":9}},"15":{"start":{"line":47,"column":8},"end":{"line":49,"column":9}},"16":{"start":{"line":48,"column":12},"end":{"line":48,"column":72}},"17":{"start":{"line":50,"column":24},"end":{"line":50,"column":42}},"18":{"start":{"line":51,"column":29},"end":{"line":58,"column":9}},"19":{"start":{"line":59,"column":8},"end":{"line":59,"column":46}},"20":{"start":{"line":60,"column":8},"end":{"line":60,"column":26}},"21":{"start":{"line":62,"column":8},"end":{"line":62,"column":61}},"22":{"start":{"line":63,"column":8},"end":{"line":66,"column":11}},"23":{"start":{"line":68,"column":8},"end":{"line":68,"column":25}},"24":{"start":{"line":73,"column":0},"end":{"line":121,"column":3}},"25":{"start":{"line":74,"column":37},"end":{"line":74,"column":45}},"26":{"start":{"line":75,"column":4},"end":{"line":77,"column":5}},"27":{"start":{"line":76,"column":8},"end":{"line":76,"column":75}},"28":{"start":{"line":78,"column":19},"end":{"line":78,"column":39}},"29":{"start":{"line":79,"column":4},"end":{"line":120,"column":5}},"30":{"start":{"line":80,"column":8},"end":{"line":80,"column":36}},"31":{"start":{"line":81,"column":32},"end":{"line":84,"column":9}},"32":{"start":{"line":85,"column":8},"end":{"line":90,"column":9}},"33":{"start":{"line":86,"column":12},"end":{"line":86,"column":43}},"34":{"start":{"line":87,"column":12},"end":{"line":89,"column":15}},"35":{"start":{"line":91,"column":23},"end":{"line":103,"column":9}},"36":{"start":{"line":104,"column":8},"end":{"line":104,"column":37}},"37":{"start":{"line":105,"column":8},"end":{"line":105,"column":45}},"38":{"start":{"line":107,"column":8},"end":{"line":107,"column":39}},"39":{"start":{"line":108,"column":8},"end":{"line":108,"column":54}},"40":{"start":{"line":109,"column":8},"end":{"line":113,"column":9}},"41":{"start":{"line":110,"column":12},"end":{"line":112,"column":15}},"42":{"start":{"line":114,"column":8},"end":{"line":117,"column":11}},"43":{"start":{"line":119,"column":8},"end":{"line":119,"column":25}},"44":{"start":{"line":124,"column":0},"end":{"line":193,"column":3}},"45":{"start":{"line":125,"column":24},"end":{"line":125,"column":34}},"46":{"start":{"line":126,"column":37},"end":{"line":126,"column":45}},"47":{"start":{"line":127,"column":15},"end":{"line":127,"column":38}},"48":{"start":{"line":128,"column":4},"end":{"line":130,"column":5}},"49":{"start":{"line":129,"column":8},"end":{"line":129,"column":76}},"50":{"start":{"line":131,"column":4},"end":{"line":133,"column":5}},"51":{"start":{"line":132,"column":8},"end":{"line":132,"column":75}},"52":{"start":{"line":134,"column":19},"end":{"line":134,"column":39}},"53":{"start":{"line":135,"column":4},"end":{"line":192,"column":5}},"54":{"start":{"line":136,"column":8},"end":{"line":136,"column":36}},"55":{"start":{"line":137,"column":30},"end":{"line":140,"column":9}},"56":{"start":{"line":141,"column":8},"end":{"line":144,"column":9}},"57":{"start":{"line":142,"column":12},"end":{"line":142,"column":43}},"58":{"start":{"line":143,"column":12},"end":{"line":143,"column":72}},"59":{"start":{"line":145,"column":27},"end":{"line":148,"column":9}},"60":{"start":{"line":149,"column":8},"end":{"line":154,"column":9}},"61":{"start":{"line":150,"column":12},"end":{"line":150,"column":43}},"62":{"start":{"line":151,"column":12},"end":{"line":153,"column":15}},"63":{"start":{"line":155,"column":23},"end":{"line":171,"column":9}},"64":{"start":{"line":172,"column":8},"end":{"line":175,"column":9}},"65":{"start":{"line":173,"column":12},"end":{"line":173,"column":43}},"66":{"start":{"line":174,"column":12},"end":{"line":174,"column":72}},"67":{"start":{"line":176,"column":8},"end":{"line":176,"column":37}},"68":{"start":{"line":177,"column":8},"end":{"line":177,"column":33}},"69":{"start":{"line":179,"column":8},"end":{"line":179,"column":39}},"70":{"start":{"line":180,"column":8},"end":{"line":180,"column":54}},"71":{"start":{"line":181,"column":8},"end":{"line":185,"column":9}},"72":{"start":{"line":182,"column":12},"end":{"line":184,"column":15}},"73":{"start":{"line":186,"column":8},"end":{"line":189,"column":11}},"74":{"start":{"line":191,"column":8},"end":{"line":191,"column":25}},"75":{"start":{"line":196,"column":0},"end":{"line":253,"column":3}},"76":{"start":{"line":197,"column":24},"end":{"line":197,"column":34}},"77":{"start":{"line":198,"column":15},"end":{"line":198,"column":38}},"78":{"start":{"line":199,"column":4},"end":{"line":201,"column":5}},"79":{"start":{"line":200,"column":8},"end":{"line":200,"column":76}},"80":{"start":{"line":202,"column":19},"end":{"line":202,"column":39}},"81":{"start":{"line":203,"column":4},"end":{"line":252,"column":5}},"82":{"start":{"line":204,"column":8},"end":{"line":204,"column":36}},"83":{"start":{"line":205,"column":28},"end":{"line":208,"column":9}},"84":{"start":{"line":209,"column":8},"end":{"line":212,"column":9}},"85":{"start":{"line":210,"column":12},"end":{"line":210,"column":43}},"86":{"start":{"line":211,"column":12},"end":{"line":211,"column":72}},"87":{"start":{"line":213,"column":27},"end":{"line":216,"column":9}},"88":{"start":{"line":217,"column":8},"end":{"line":222,"column":9}},"89":{"start":{"line":218,"column":12},"end":{"line":218,"column":43}},"90":{"start":{"line":219,"column":12},"end":{"line":221,"column":15}},"91":{"start":{"line":223,"column":23},"end":{"line":226,"column":9}},"92":{"start":{"line":227,"column":8},"end":{"line":230,"column":9}},"93":{"start":{"line":228,"column":12},"end":{"line":228,"column":43}},"94":{"start":{"line":229,"column":12},"end":{"line":229,"column":72}},"95":{"start":{"line":231,"column":8},"end":{"line":231,"column":37}},"96":{"start":{"line":232,"column":8},"end":{"line":236,"column":11}},"97":{"start":{"line":238,"column":8},"end":{"line":238,"column":39}},"98":{"start":{"line":239,"column":8},"end":{"line":239,"column":54}},"99":{"start":{"line":240,"column":8},"end":{"line":244,"column":9}},"100":{"start":{"line":241,"column":12},"end":{"line":243,"column":15}},"101":{"start":{"line":245,"column":8},"end":{"line":249,"column":11}},"102":{"start":{"line":251,"column":8},"end":{"line":251,"column":25}}},"fnMap":{"0":{"name":"(anonymous_0)","decl":{"start":{"line":9,"column":23},"end":{"line":9,"column":24}},"loc":{"start":{"line":9,"column":43},"end":{"line":27,"column":1}},"line":9},"1":{"name":"(anonymous_1)","decl":{"start":{"line":30,"column":34},"end":{"line":30,"column":35}},"loc":{"start":{"line":30,"column":54},"end":{"line":70,"column":1}},"line":30},"2":{"name":"(anonymous_2)","decl":{"start":{"line":73,"column":54},"end":{"line":73,"column":55}},"loc":{"start":{"line":73,"column":74},"end":{"line":121,"column":1}},"line":73},"3":{"name":"(anonymous_3)","decl":{"start":{"line":124,"column":64},"end":{"line":124,"column":65}},"loc":{"start":{"line":124,"column":84},"end":{"line":193,"column":1}},"line":124},"4":{"name":"(anonymous_4)","decl":{"start":{"line":196,"column":67},"end":{"line":196,"column":68}},"loc":{"start":{"line":196,"column":87},"end":{"line":253,"column":1}},"line":196}},"branchMap":{"0":{"loc":{"start":{"line":33,"column":4},"end":{"line":35,"column":5}},"type":"if","locations":[{"start":{"line":33,"column":4},"end":{"line":35,"column":5}},{"start":{},"end":{}}],"line":33},"1":{"loc":{"start":{"line":47,"column":8},"end":{"line":49,"column":9}},"type":"if","locations":[{"start":{"line":47,"column":8},"end":{"line":49,"column":9}},{"start":{},"end":{}}],"line":47},"2":{"loc":{"start":{"line":75,"column":4},"end":{"line":77,"column":5}},"type":"if","locations":[{"start":{"line":75,"column":4},"end":{"line":77,"column":5}},{"start":{},"end":{}}],"line":75},"3":{"loc":{"start":{"line":75,"column":8},"end":{"line":75,"column":63}},"type":"binary-expr","locations":[{"start":{"line":75,"column":8},"end":{"line":75,"column":13}},{"start":{"line":75,"column":17},"end":{"line":75,"column":41}},{"start":{"line":75,"column":45},"end":{"line":75,"column":63}}],"line":75},"4":{"loc":{"start":{"line":85,"column":8},"end":{"line":90,"column":9}},"type":"if","locations":[{"start":{"line":85,"column":8},"end":{"line":90,"column":9}},{"start":{},"end":{}}],"line":85},"5":{"loc":{"start":{"line":100,"column":16},"end":{"line":100,"column":47}},"type":"cond-expr","locations":[{"start":{"line":100,"column":26},"end":{"line":100,"column":40}},{"start":{"line":100,"column":43},"end":{"line":100,"column":47}}],"line":100},"6":{"loc":{"start":{"line":101,"column":16},"end":{"line":101,"column":31}},"type":"binary-expr","locations":[{"start":{"line":101,"column":16},"end":{"line":101,"column":23}},{"start":{"line":101,"column":27},"end":{"line":101,"column":31}}],"line":101},"7":{"loc":{"start":{"line":109,"column":8},"end":{"line":113,"column":9}},"type":"if","locations":[{"start":{"line":109,"column":8},"end":{"line":113,"column":9}},{"start":{},"end":{}}],"line":109},"8":{"loc":{"start":{"line":128,"column":4},"end":{"line":130,"column":5}},"type":"if","locations":[{"start":{"line":128,"column":4},"end":{"line":130,"column":5}},{"start":{},"end":{}}],"line":128},"9":{"loc":{"start":{"line":131,"column":4},"end":{"line":133,"column":5}},"type":"if","locations":[{"start":{"line":131,"column":4},"end":{"line":133,"column":5}},{"start":{},"end":{}}],"line":131},"10":{"loc":{"start":{"line":131,"column":8},"end":{"line":131,"column":63}},"type":"binary-expr","locations":[{"start":{"line":131,"column":8},"end":{"line":131,"column":13}},{"start":{"line":131,"column":17},"end":{"line":131,"column":41}},{"start":{"line":131,"column":45},"end":{"line":131,"column":63}}],"line":131},"11":{"loc":{"start":{"line":141,"column":8},"end":{"line":144,"column":9}},"type":"if","locations":[{"start":{"line":141,"column":8},"end":{"line":144,"column":9}},{"start":{},"end":{}}],"line":141},"12":{"loc":{"start":{"line":149,"column":8},"end":{"line":154,"column":9}},"type":"if","locations":[{"start":{"line":149,"column":8},"end":{"line":154,"column":9}},{"start":{},"end":{}}],"line":149},"13":{"loc":{"start":{"line":167,"column":16},"end":{"line":167,"column":47}},"type":"cond-expr","locations":[{"start":{"line":167,"column":26},"end":{"line":167,"column":40}},{"start":{"line":167,"column":43},"end":{"line":167,"column":47}}],"line":167},"14":{"loc":{"start":{"line":168,"column":16},"end":{"line":168,"column":31}},"type":"binary-expr","locations":[{"start":{"line":168,"column":16},"end":{"line":168,"column":23}},{"start":{"line":168,"column":27},"end":{"line":168,"column":31}}],"line":168},"15":{"loc":{"start":{"line":172,"column":8},"end":{"line":175,"column":9}},"type":"if","locations":[{"start":{"line":172,"column":8},"end":{"line":175,"column":9}},{"start":{},"end":{}}],"line":172},"16":{"loc":{"start":{"line":181,"column":8},"end":{"line":185,"column":9}},"type":"if","locations":[{"start":{"line":181,"column":8},"end":{"line":185,"column":9}},{"start":{},"end":{}}],"line":181},"17":{"loc":{"start":{"line":199,"column":4},"end":{"line":201,"column":5}},"type":"if","locations":[{"start":{"line":199,"column":4},"end":{"line":201,"column":5}},{"start":{},"end":{}}],"line":199},"18":{"loc":{"start":{"line":209,"column":8},"end":{"line":212,"column":9}},"type":"if","locations":[{"start":{"line":209,"column":8},"end":{"line":212,"column":9}},{"start":{},"end":{}}],"line":209},"19":{"loc":{"start":{"line":217,"column":8},"end":{"line":222,"column":9}},"type":"if","locations":[{"start":{"line":217,"column":8},"end":{"line":222,"column":9}},{"start":{},"end":{}}],"line":217},"20":{"loc":{"start":{"line":227,"column":8},"end":{"line":230,"column":9}},"type":"if","locations":[{"start":{"line":227,"column":8},"end":{"line":230,"column":9}},{"start":{},"end":{}}],"line":227},"21":{"loc":{"start":{"line":240,"column":8},"end":{"line":244,"column":9}},"type":"if","locations":[{"start":{"line":240,"column":8},"end":{"line":244,"column":9}},{"start":{},"end":{}}],"line":240}},"s":{"0":0,"1":0,"2":0,"3":0,"4":0,"5":0,"6":0,"7":0,"8":0,"9":0,"10":0,"11":0,"12":0,"13":0,"14":0,"15":0,"16":0,"17":0,"18":0,"19":0,"20":0,"21":0,"22":0,"23":0,"24":0,"25":0,"26":0,"27":0,"28":0,"29":0,"30":0,"31":0,"32":0,"33":0,"34":0,"35":0,"36":0,"37":0,"38":0,"39":0,"40":0,"41":0,"42":0,"43":0,"44":0,"45":0,"46":0,"47":0,"48":0,"49":0,"50":0,"51":0,"52":0,"53":0,"54":0,"55":0,"56":0,"57":0,"58":0,"59":0,"60":0,"61":0,"62":0,"63":0,"64":0,"65":0,"66":0,"67":0,"68":0,"69":0,"70":0,"71":0,"72":0,"73":0,"74":0,"75":0,"76":0,"77":0,"78":0,"79":0,"80":0,"81":0,"82":0,"83":0,"84":0,"85":0,"86":0,"87":0,"88":0,"89":0,"90":0,"91":0,"92":0,"93":0,"94":0,"95":0,"96":0,"97":0,"98":0,"99":0,"100":0,"101":0,"102":0},"f":{"0":0,"1":0,"2":0,"3":0,"4":0},"b":{"0":[0,0],"1":[0,0],"2":[0,0],"3":[0,0,0],"4":[0,0],"5":[0,0],"6":[0,0],"7":[0,0],"8":[0,0],"9":[0,0],"10":[0,0,0],"11":[0,0],"12":[0,0],"13":[0,0],"14":[0,0],"15":[0,0],"16":[0,0],"17":[0,0],"18":[0,0],"19":[0,0],"20":[0,0],"21":[0,0]}}
,"/home/sufian/Desktop/Web/animeko/backend/routes/favoriteRoutes.js": {"path":"/home/sufian/Desktop/Web/animeko/backend/routes/favoriteRoutes.js","statementMap":{"0":{"start":{"line":6,"column":15},"end":{"line":6,"column":31}},"1":{"start":{"line":12,"column":0},"end":{"line":50,"column":3}},"2":{"start":{"line":14,"column":19},"end":{"line":14,"column":52}},"3":{"start":{"line":16,"column":4},"end":{"line":19,"column":5}},"4":{"start":{"line":17,"column":8},"end":{"line":17,"column":64}},"5":{"start":{"line":18,"column":8},"end":{"line":18,"column":75}},"6":{"start":{"line":21,"column":48},"end":{"line":21,"column":56}},"7":{"start":{"line":23,"column":4},"end":{"line":25,"column":5}},"8":{"start":{"line":24,"column":8},"end":{"line":24,"column":89}},"9":{"start":{"line":27,"column":4},"end":{"line":49,"column":5}},"10":{"start":{"line":29,"column":20},"end":{"line":35,"column":42}},"11":{"start":{"line":36,"column":8},"end":{"line":38,"column":9}},"12":{"start":{"line":37,"column":12},"end":{"line":37,"column":47}},"13":{"start":{"line":41,"column":8},"end":{"line":44,"column":49}},"14":{"start":{"line":45,"column":8},"end":{"line":45,"column":42}},"15":{"start":{"line":47,"column":8},"end":{"line":47,"column":27}},"16":{"start":{"line":48,"column":8},"end":{"line":48,"column":63}},"17":{"start":{"line":56,"column":0},"end":{"line":120,"column":3}},"18":{"start":{"line":58,"column":19},"end":{"line":58,"column":52}},"19":{"start":{"line":60,"column":4},"end":{"line":63,"column":5}},"20":{"start":{"line":61,"column":8},"end":{"line":61,"column":64}},"21":{"start":{"line":62,"column":8},"end":{"line":62,"column":75}},"22":{"start":{"line":65,"column":4},"end":{"line":119,"column":5}},"23":{"start":{"line":66,"column":23},"end":{"line":113,"column":20}},"24":{"start":{"line":115,"column":8},"end":{"line":115,"column":37}},"25":{"start":{"line":117,"column":8},"end":{"line":117,"column":27}},"26":{"start":{"line":118,"column":8},"end":{"line":118,"column":63}}},"fnMap":{"0":{"name":"(anonymous_0)","decl":{"start":{"line":12,"column":40},"end":{"line":12,"column":41}},"loc":{"start":{"line":12,"column":60},"end":{"line":50,"column":1}},"line":12},"1":{"name":"(anonymous_1)","decl":{"start":{"line":56,"column":39},"end":{"line":56,"column":40}},"loc":{"start":{"line":56,"column":59},"end":{"line":120,"column":1}},"line":56}},"branchMap":{"0":{"loc":{"start":{"line":14,"column":19},"end":{"line":14,"column":52}},"type":"binary-expr","locations":[{"start":{"line":14,"column":19},"end":{"line":14,"column":31}},{"start":{"line":14,"column":35},"end":{"line":14,"column":52}}],"line":14},"1":{"loc":{"start":{"line":16,"column":4},"end":{"line":19,"column":5}},"type":"if","locations":[{"start":{"line":16,"column":4},"end":{"line":19,"column":5}},{"start":{},"end":{}}],"line":16},"2":{"loc":{"start":{"line":21,"column":33},"end":{"line":21,"column":44}},"type":"default-arg","locations":[{"start":{"line":21,"column":40},"end":{"line":21,"column":44}}],"line":21},"3":{"loc":{"start":{"line":23,"column":4},"end":{"line":25,"column":5}},"type":"if","locations":[{"start":{"line":23,"column":4},"end":{"line":25,"column":5}},{"start":{},"end":{}}],"line":23},"4":{"loc":{"start":{"line":23,"column":8},"end":{"line":23,"column":32}},"type":"binary-expr","locations":[{"start":{"line":23,"column":8},"end":{"line":23,"column":19}},{"start":{"line":23,"column":23},"end":{"line":23,"column":32}}],"line":23},"5":{"loc":{"start":{"line":36,"column":8},"end":{"line":38,"column":9}},"type":"if","locations":[{"start":{"line":36,"column":8},"end":{"line":38,"column":9}},{"start":{},"end":{}}],"line":36},"6":{"loc":{"start":{"line":58,"column":19},"end":{"line":58,"column":52}},"type":"binary-expr","locations":[{"start":{"line":58,"column":19},"end":{"line":58,"column":31}},{"start":{"line":58,"column":35},"end":{"line":58,"column":52}}],"line":58},"7":{"loc":{"start":{"line":60,"column":4},"end":{"line":63,"column":5}},"type":"if","locations":[{"start":{"line":60,"column":4},"end":{"line":63,"column":5}},{"start":{},"end":{}}],"line":60}},"s":{"0":0,"1":0,"2":0,"3":0,"4":0,"5":0,"6":0,"7":0,"8":0,"9":0,"10":0,"11":0,"12":0,"13":0,"14":0,"15":0,"16":0,"17":0,"18":0,"19":0,"20":0,"21":0,"22":0,"23":0,"24":0,"25":0,"26":0},"f":{"0":0,"1":0},"b":{"0":[0,0],"1":[0,0],"2":[0],"3":[0,0],"4":[0,0],"5":[0,0],"6":[0,0],"7":[0,0]}}
,"/home/sufian/Desktop/Web/animeko/backend/routes/friendRoutes.js": {"path":"/home/sufian/Desktop/Web/animeko/backend/routes/friendRoutes.js","statementMap":{"0":{"start":{"line":6,"column":15},"end":{"line":6,"column":31}},"1":{"start":{"line":13,"column":0},"end":{"line":45,"column":3}},"2":{"start":{"line":14,"column":22},"end":{"line":14,"column":38}},"3":{"start":{"line":15,"column":26},"end":{"line":15,"column":34}},"4":{"start":{"line":16,"column":4},"end":{"line":18,"column":5}},"5":{"start":{"line":17,"column":8},"end":{"line":17,"column":73}},"6":{"start":{"line":20,"column":4},"end":{"line":44,"column":5}},"7":{"start":{"line":22,"column":33},"end":{"line":27,"column":36}},"8":{"start":{"line":29,"column":8},"end":{"line":36,"column":9}},"9":{"start":{"line":30,"column":27},"end":{"line":30,"column":58}},"10":{"start":{"line":31,"column":12},"end":{"line":35,"column":13}},"11":{"start":{"line":32,"column":16},"end":{"line":32,"column":82}},"12":{"start":{"line":33,"column":19},"end":{"line":35,"column":13}},"13":{"start":{"line":34,"column":16},"end":{"line":34,"column":98}},"14":{"start":{"line":38,"column":8},"end":{"line":39,"column":81}},"15":{"start":{"line":40,"column":8},"end":{"line":40,"column":56}},"16":{"start":{"line":42,"column":8},"end":{"line":42,"column":27}},"17":{"start":{"line":43,"column":8},"end":{"line":43,"column":56}},"18":{"start":{"line":51,"column":0},"end":{"line":64,"column":3}},"19":{"start":{"line":52,"column":15},"end":{"line":52,"column":31}},"20":{"start":{"line":53,"column":4},"end":{"line":63,"column":5}},"21":{"start":{"line":54,"column":23},"end":{"line":58,"column":75}},"22":{"start":{"line":59,"column":8},"end":{"line":59,"column":30}},"23":{"start":{"line":61,"column":8},"end":{"line":61,"column":27}},"24":{"start":{"line":62,"column":8},"end":{"line":62,"column":56}},"25":{"start":{"line":71,"column":0},"end":{"line":91,"column":3}},"26":{"start":{"line":72,"column":22},"end":{"line":72,"column":38}},"27":{"start":{"line":73,"column":34},"end":{"line":73,"column":44}},"28":{"start":{"line":74,"column":4},"end":{"line":76,"column":5}},"29":{"start":{"line":75,"column":8},"end":{"line":75,"column":65}},"30":{"start":{"line":77,"column":22},"end":{"line":77,"column":67}},"31":{"start":{"line":78,"column":4},"end":{"line":90,"column":5}},"32":{"start":{"line":79,"column":23},"end":{"line":82,"column":115}},"33":{"start":{"line":83,"column":8},"end":{"line":85,"column":9}},"34":{"start":{"line":84,"column":12},"end":{"line":84,"column":83}},"35":{"start":{"line":86,"column":8},"end":{"line":86,"column":59}},"36":{"start":{"line":88,"column":8},"end":{"line":88,"column":27}},"37":{"start":{"line":89,"column":8},"end":{"line":89,"column":56}},"38":{"start":{"line":97,"column":0},"end":{"line":114,"column":3}},"39":{"start":{"line":98,"column":15},"end":{"line":98,"column":31}},"40":{"start":{"line":99,"column":4},"end":{"line":113,"column":5}},"41":{"start":{"line":100,"column":23},"end":{"line":108,"column":76}},"42":{"start":{"line":109,"column":8},"end":{"line":109,"column":30}},"43":{"start":{"line":111,"column":8},"end":{"line":111,"column":27}},"44":{"start":{"line":112,"column":8},"end":{"line":112,"column":56}},"45":{"start":{"line":120,"column":0},"end":{"line":176,"column":3}},"46":{"start":{"line":121,"column":15},"end":{"line":121,"column":31}},"47":{"start":{"line":122,"column":25},"end":{"line":122,"column":52}},"48":{"start":{"line":124,"column":4},"end":{"line":175,"column":5}},"49":{"start":{"line":126,"column":32},"end":{"line":132,"column":30}},"50":{"start":{"line":134,"column":8},"end":{"line":136,"column":9}},"51":{"start":{"line":135,"column":12},"end":{"line":135,"column":92}},"52":{"start":{"line":139,"column":27},"end":{"line":143,"column":26}},"53":{"start":{"line":145,"column":8},"end":{"line":147,"column":9}},"54":{"start":{"line":146,"column":12},"end":{"line":146,"column":69}},"55":{"start":{"line":150,"column":30},"end":{"line":159,"column":26}},"56":{"start":{"line":162,"column":32},"end":{"line":166,"column":26}},"57":{"start":{"line":168,"column":8},"end":{"line":170,"column":11}},"58":{"start":{"line":173,"column":8},"end":{"line":173,"column":27}},"59":{"start":{"line":174,"column":8},"end":{"line":174,"column":56}},"60":{"start":{"line":182,"column":0},"end":{"line":281,"column":3}},"61":{"start":{"line":184,"column":4},"end":{"line":184,"column":65}},"62":{"start":{"line":187,"column":15},"end":{"line":187,"column":46}},"63":{"start":{"line":189,"column":4},"end":{"line":195,"column":5}},"64":{"start":{"line":190,"column":8},"end":{"line":190,"column":77}},"65":{"start":{"line":191,"column":8},"end":{"line":194,"column":11}},"66":{"start":{"line":197,"column":4},"end":{"line":197,"column":49}},"67":{"start":{"line":198,"column":23},"end":{"line":198,"column":49}},"68":{"start":{"line":200,"column":4},"end":{"line":202,"column":5}},"69":{"start":{"line":201,"column":8},"end":{"line":201,"column":28}},"70":{"start":{"line":204,"column":14},"end":{"line":204,"column":31}},"71":{"start":{"line":206,"column":4},"end":{"line":206,"column":60}},"72":{"start":{"line":208,"column":4},"end":{"line":280,"column":5}},"73":{"start":{"line":210,"column":27},"end":{"line":216,"column":9}},"74":{"start":{"line":219,"column":8},"end":{"line":241,"column":9}},"75":{"start":{"line":220,"column":12},"end":{"line":220,"column":75}},"76":{"start":{"line":222,"column":33},"end":{"line":229,"column":13}},"77":{"start":{"line":231,"column":27},"end":{"line":235,"column":28}},"78":{"start":{"line":237,"column":12},"end":{"line":240,"column":16}},"79":{"start":{"line":244,"column":23},"end":{"line":273,"column":19}},"80":{"start":{"line":275,"column":8},"end":{"line":275,"column":65}},"81":{"start":{"line":276,"column":8},"end":{"line":276,"column":30}},"82":{"start":{"line":278,"column":8},"end":{"line":278,"column":44}},"83":{"start":{"line":279,"column":8},"end":{"line":279,"column":70}},"84":{"start":{"line":284,"column":0},"end":{"line":300,"column":3}},"85":{"start":{"line":285,"column":4},"end":{"line":299,"column":5}},"86":{"start":{"line":286,"column":25},"end":{"line":286,"column":103}},"87":{"start":{"line":287,"column":28},"end":{"line":287,"column":136}},"88":{"start":{"line":289,"column":8},"end":{"line":295,"column":11}},"89":{"start":{"line":297,"column":8},"end":{"line":297,"column":27}},"90":{"start":{"line":298,"column":8},"end":{"line":298,"column":56}},"91":{"start":{"line":306,"column":0},"end":{"line":327,"column":3}},"92":{"start":{"line":307,"column":15},"end":{"line":307,"column":31}},"93":{"start":{"line":308,"column":21},"end":{"line":308,"column":54}},"94":{"start":{"line":310,"column":4},"end":{"line":326,"column":5}},"95":{"start":{"line":311,"column":23},"end":{"line":314,"column":106}},"96":{"start":{"line":316,"column":8},"end":{"line":320,"column":9}},"97":{"start":{"line":317,"column":12},"end":{"line":319,"column":57}},"98":{"start":{"line":322,"column":8},"end":{"line":322,"column":62}},"99":{"start":{"line":324,"column":8},"end":{"line":324,"column":46}},"100":{"start":{"line":325,"column":8},"end":{"line":325,"column":63}},"101":{"start":{"line":330,"column":0},"end":{"line":344,"column":3}},"102":{"start":{"line":331,"column":27},"end":{"line":331,"column":37}},"103":{"start":{"line":332,"column":4},"end":{"line":343,"column":5}},"104":{"start":{"line":333,"column":8},"end":{"line":338,"column":10}},"105":{"start":{"line":339,"column":8},"end":{"line":339,"column":50}},"106":{"start":{"line":341,"column":8},"end":{"line":341,"column":27}},"107":{"start":{"line":342,"column":8},"end":{"line":342,"column":71}}},"fnMap":{"0":{"name":"(anonymous_0)","decl":{"start":{"line":13,"column":47},"end":{"line":13,"column":48}},"loc":{"start":{"line":13,"column":67},"end":{"line":45,"column":1}},"line":13},"1":{"name":"(anonymous_1)","decl":{"start":{"line":51,"column":46},"end":{"line":51,"column":47}},"loc":{"start":{"line":51,"column":66},"end":{"line":64,"column":1}},"line":51},"2":{"name":"(anonymous_2)","decl":{"start":{"line":71,"column":68},"end":{"line":71,"column":69}},"loc":{"start":{"line":71,"column":88},"end":{"line":91,"column":1}},"line":71},"3":{"name":"(anonymous_3)","decl":{"start":{"line":97,"column":37},"end":{"line":97,"column":38}},"loc":{"start":{"line":97,"column":57},"end":{"line":114,"column":1}},"line":97},"4":{"name":"(anonymous_4)","decl":{"start":{"line":120,"column":51},"end":{"line":120,"column":52}},"loc":{"start":{"line":120,"column":71},"end":{"line":176,"column":1}},"line":120},"5":{"name":"(anonymous_5)","decl":{"start":{"line":182,"column":42},"end":{"line":182,"column":43}},"loc":{"start":{"line":182,"column":62},"end":{"line":281,"column":1}},"line":182},"6":{"name":"(anonymous_6)","decl":{"start":{"line":284,"column":41},"end":{"line":284,"column":42}},"loc":{"start":{"line":284,"column":61},"end":{"line":300,"column":1}},"line":284},"7":{"name":"(anonymous_7)","decl":{"start":{"line":306,"column":50},"end":{"line":306,"column":51}},"loc":{"start":{"line":306,"column":70},"end":{"line":327,"column":1}},"line":306},"8":{"name":"(anonymous_8)","decl":{"start":{"line":330,"column":73},"end":{"line":330,"column":74}},"loc":{"start":{"line":330,"column":93},"end":{"line":344,"column":1}},"line":330}},"branchMap":{"0":{"loc":{"start":{"line":16,"column":4},"end":{"line":18,"column":5}},"type":"if","locations":[{"start":{"line":16,"column":4},"end":{"line":18,"column":5}},{"start":{},"end":{}}],"line":16},"1":{"loc":{"start":{"line":29,"column":8},"end":{"line":36,"column":9}},"type":"if","locations":[{"start":{"line":29,"column":8},"end":{"line":36,"column":9}},{"start":{},"end":{}}],"line":29},"2":{"loc":{"start":{"line":31,"column":12},"end":{"line":35,"column":13}},"type":"if","locations":[{"start":{"line":31,"column":12},"end":{"line":35,"column":13}},{"start":{"line":33,"column":19},"end":{"line":35,"column":13}}],"line":31},"3":{"loc":{"start":{"line":33,"column":19},"end":{"line":35,"column":13}},"type":"if","locations":[{"start":{"line":33,"column":19},"end":{"line":35,"column":13}},{"start":{},"end":{}}],"line":33},"4":{"loc":{"start":{"line":74,"column":4},"end":{"line":76,"column":5}},"type":"if","locations":[{"start":{"line":74,"column":4},"end":{"line":76,"column":5}},{"start":{},"end":{}}],"line":74},"5":{"loc":{"start":{"line":77,"column":22},"end":{"line":77,"column":67}},"type":"cond-expr","locations":[{"start":{"line":77,"column":44},"end":{"line":77,"column":54}},{"start":{"line":77,"column":57},"end":{"line":77,"column":67}}],"line":77},"6":{"loc":{"start":{"line":83,"column":8},"end":{"line":85,"column":9}},"type":"if","locations":[{"start":{"line":83,"column":8},"end":{"line":85,"column":9}},{"start":{},"end":{}}],"line":83},"7":{"loc":{"start":{"line":134,"column":8},"end":{"line":136,"column":9}},"type":"if","locations":[{"start":{"line":134,"column":8},"end":{"line":136,"column":9}},{"start":{},"end":{}}],"line":134},"8":{"loc":{"start":{"line":134,"column":12},"end":{"line":134,"column":68}},"type":"binary-expr","locations":[{"start":{"line":134,"column":12},"end":{"line":134,"column":45}},{"start":{"line":134,"column":49},"end":{"line":134,"column":68}}],"line":134},"9":{"loc":{"start":{"line":145,"column":8},"end":{"line":147,"column":9}},"type":"if","locations":[{"start":{"line":145,"column":8},"end":{"line":147,"column":9}},{"start":{},"end":{}}],"line":145},"10":{"loc":{"start":{"line":187,"column":15},"end":{"line":187,"column":46}},"type":"binary-expr","locations":[{"start":{"line":187,"column":15},"end":{"line":187,"column":26}},{"start":{"line":187,"column":30},"end":{"line":187,"column":46}}],"line":187},"11":{"loc":{"start":{"line":189,"column":4},"end":{"line":195,"column":5}},"type":"if","locations":[{"start":{"line":189,"column":4},"end":{"line":195,"column":5}},{"start":{},"end":{}}],"line":189},"12":{"loc":{"start":{"line":198,"column":24},"end":{"line":198,"column":41}},"type":"binary-expr","locations":[{"start":{"line":198,"column":24},"end":{"line":198,"column":35}},{"start":{"line":198,"column":39},"end":{"line":198,"column":41}}],"line":198},"13":{"loc":{"start":{"line":200,"column":4},"end":{"line":202,"column":5}},"type":"if","locations":[{"start":{"line":200,"column":4},"end":{"line":202,"column":5}},{"start":{},"end":{}}],"line":200},"14":{"loc":{"start":{"line":219,"column":8},"end":{"line":241,"column":9}},"type":"if","locations":[{"start":{"line":219,"column":8},"end":{"line":241,"column":9}},{"start":{},"end":{}}],"line":219},"15":{"loc":{"start":{"line":231,"column":27},"end":{"line":235,"column":28}},"type":"cond-expr","locations":[{"start":{"line":232,"column":18},"end":{"line":232,"column":26}},{"start":{"line":233,"column":18},"end":{"line":235,"column":28}}],"line":231},"16":{"loc":{"start":{"line":233,"column":18},"end":{"line":235,"column":28}},"type":"cond-expr","locations":[{"start":{"line":234,"column":23},"end":{"line":234,"column":103}},{"start":{"line":235,"column":22},"end":{"line":235,"column":28}}],"line":233},"17":{"loc":{"start":{"line":234,"column":23},"end":{"line":234,"column":103}},"type":"cond-expr","locations":[{"start":{"line":234,"column":68},"end":{"line":234,"column":82}},{"start":{"line":234,"column":85},"end":{"line":234,"column":103}}],"line":234},"18":{"loc":{"start":{"line":316,"column":8},"end":{"line":320,"column":9}},"type":"if","locations":[{"start":{"line":316,"column":8},"end":{"line":320,"column":9}},{"start":{},"end":{}}],"line":316}},"s":{"0":0,"1":0,"2":0,"3":0,"4":0,"5":0,"6":0,"7":0,"8":0,"9":0,"10":0,"11":0,"12":0,"13":0,"14":0,"15":0,"16":0,"17":0,"18":0,"19":0,"20":0,"21":0,"22":0,"23":0,"24":0,"25":0,"26":0,"27":0,"28":0,"29":0,"30":0,"31":0,"32":0,"33":0,"34":0,"35":0,"36":0,"37":0,"38":0,"39":0,"40":0,"41":0,"42":0,"43":0,"44":0,"45":0,"46":0,"47":0,"48":0,"49":0,"50":0,"51":0,"52":0,"53":0,"54":0,"55":0,"56":0,"57":0,"58":0,"59":0,"60":0,"61":0,"62":0,"63":0,"64":0,"65":0,"66":0,"67":0,"68":0,"69":0,"70":0,"71":0,"72":0,"73":0,"74":0,"75":0,"76":0,"77":0,"78":0,"79":0,"80":0,"81":0,"82":0,"83":0,"84":0,"85":0,"86":0,"87":0,"88":0,"89":0,"90":0,"91":0,"92":0,"93":0,"94":0,"95":0,"96":0,"97":0,"98":0,"99":0,"100":0,"101":0,"102":0,"103":0,"104":0,"105":0,"106":0,"107":0},"f":{"0":0,"1":0,"2":0,"3":0,"4":0,"5":0,"6":0,"7":0,"8":0},"b":{"0":[0,0],"1":[0,0],"2":[0,0],"3":[0,0],"4":[0,0],"5":[0,0],"6":[0,0],"7":[0,0],"8":[0,0],"9":[0,0],"10":[0,0],"11":[0,0],"12":[0,0],"13":[0,0],"14":[0,0],"15":[0,0],"16":[0,0],"17":[0,0],"18":[0,0]}}
,"/home/sufian/Desktop/Web/animeko/backend/routes/genreRoutes.js": {"path":"/home/sufian/Desktop/Web/animeko/backend/routes/genreRoutes.js","statementMap":{"0":{"start":{"line":6,"column":15},"end":{"line":6,"column":31}},"1":{"start":{"line":9,"column":0},"end":{"line":26,"column":3}},"2":{"start":{"line":10,"column":4},"end":{"line":25,"column":5}},"3":{"start":{"line":11,"column":23},"end":{"line":17,"column":10}},"4":{"start":{"line":18,"column":8},"end":{"line":18,"column":30}},"5":{"start":{"line":20,"column":8},"end":{"line":20,"column":53}},"6":{"start":{"line":21,"column":8},"end":{"line":24,"column":11}},"7":{"start":{"line":29,"column":0},"end":{"line":58,"column":3}},"8":{"start":{"line":30,"column":22},"end":{"line":30,"column":32}},"9":{"start":{"line":31,"column":15},"end":{"line":31,"column":36}},"10":{"start":{"line":32,"column":4},"end":{"line":34,"column":5}},"11":{"start":{"line":33,"column":8},"end":{"line":33,"column":74}},"12":{"start":{"line":35,"column":19},"end":{"line":35,"column":39}},"13":{"start":{"line":36,"column":4},"end":{"line":57,"column":5}},"14":{"start":{"line":37,"column":25},"end":{"line":44,"column":9}},"15":{"start":{"line":45,"column":8},"end":{"line":47,"column":9}},"16":{"start":{"line":46,"column":12},"end":{"line":46,"column":70}},"17":{"start":{"line":48,"column":8},"end":{"line":48,"column":35}},"18":{"start":{"line":50,"column":8},"end":{"line":50,"column":59}},"19":{"start":{"line":51,"column":8},"end":{"line":54,"column":11}},"20":{"start":{"line":56,"column":8},"end":{"line":56,"column":25}},"21":{"start":{"line":61,"column":0},"end":{"line":106,"column":3}},"22":{"start":{"line":62,"column":32},"end":{"line":62,"column":40}},"23":{"start":{"line":63,"column":4},"end":{"line":65,"column":5}},"24":{"start":{"line":64,"column":8},"end":{"line":64,"column":73}},"25":{"start":{"line":67,"column":28},"end":{"line":67,"column":89}},"26":{"start":{"line":68,"column":19},"end":{"line":68,"column":39}},"27":{"start":{"line":69,"column":4},"end":{"line":105,"column":5}},"28":{"start":{"line":70,"column":8},"end":{"line":70,"column":36}},"29":{"start":{"line":71,"column":30},"end":{"line":74,"column":9}},"30":{"start":{"line":75,"column":8},"end":{"line":80,"column":9}},"31":{"start":{"line":76,"column":12},"end":{"line":76,"column":43}},"32":{"start":{"line":77,"column":12},"end":{"line":79,"column":15}},"33":{"start":{"line":81,"column":23},"end":{"line":88,"column":9}},"34":{"start":{"line":89,"column":8},"end":{"line":89,"column":37}},"35":{"start":{"line":90,"column":8},"end":{"line":90,"column":45}},"36":{"start":{"line":92,"column":8},"end":{"line":92,"column":39}},"37":{"start":{"line":93,"column":8},"end":{"line":93,"column":52}},"38":{"start":{"line":94,"column":8},"end":{"line":98,"column":9}},"39":{"start":{"line":95,"column":12},"end":{"line":97,"column":15}},"40":{"start":{"line":99,"column":8},"end":{"line":102,"column":11}},"41":{"start":{"line":104,"column":8},"end":{"line":104,"column":25}},"42":{"start":{"line":109,"column":0},"end":{"line":173,"column":3}},"43":{"start":{"line":110,"column":22},"end":{"line":110,"column":32}},"44":{"start":{"line":111,"column":32},"end":{"line":111,"column":40}},"45":{"start":{"line":112,"column":15},"end":{"line":112,"column":36}},"46":{"start":{"line":113,"column":4},"end":{"line":115,"column":5}},"47":{"start":{"line":114,"column":8},"end":{"line":114,"column":74}},"48":{"start":{"line":116,"column":4},"end":{"line":118,"column":5}},"49":{"start":{"line":117,"column":8},"end":{"line":117,"column":73}},"50":{"start":{"line":119,"column":19},"end":{"line":119,"column":39}},"51":{"start":{"line":120,"column":4},"end":{"line":172,"column":5}},"52":{"start":{"line":121,"column":8},"end":{"line":121,"column":36}},"53":{"start":{"line":122,"column":28},"end":{"line":125,"column":9}},"54":{"start":{"line":126,"column":8},"end":{"line":129,"column":9}},"55":{"start":{"line":127,"column":12},"end":{"line":127,"column":43}},"56":{"start":{"line":128,"column":12},"end":{"line":128,"column":70}},"57":{"start":{"line":130,"column":27},"end":{"line":133,"column":9}},"58":{"start":{"line":134,"column":8},"end":{"line":139,"column":9}},"59":{"start":{"line":135,"column":12},"end":{"line":135,"column":43}},"60":{"start":{"line":136,"column":12},"end":{"line":138,"column":15}},"61":{"start":{"line":140,"column":32},"end":{"line":140,"column":93}},"62":{"start":{"line":142,"column":23},"end":{"line":151,"column":9}},"63":{"start":{"line":152,"column":8},"end":{"line":155,"column":9}},"64":{"start":{"line":153,"column":12},"end":{"line":153,"column":43}},"65":{"start":{"line":154,"column":12},"end":{"line":154,"column":70}},"66":{"start":{"line":156,"column":8},"end":{"line":156,"column":37}},"67":{"start":{"line":157,"column":8},"end":{"line":157,"column":33}},"68":{"start":{"line":159,"column":8},"end":{"line":159,"column":39}},"69":{"start":{"line":160,"column":8},"end":{"line":160,"column":52}},"70":{"start":{"line":161,"column":8},"end":{"line":165,"column":9}},"71":{"start":{"line":162,"column":12},"end":{"line":164,"column":15}},"72":{"start":{"line":166,"column":8},"end":{"line":169,"column":11}},"73":{"start":{"line":171,"column":8},"end":{"line":171,"column":25}},"74":{"start":{"line":176,"column":0},"end":{"line":233,"column":3}},"75":{"start":{"line":177,"column":22},"end":{"line":177,"column":32}},"76":{"start":{"line":178,"column":15},"end":{"line":178,"column":36}},"77":{"start":{"line":179,"column":4},"end":{"line":181,"column":5}},"78":{"start":{"line":180,"column":8},"end":{"line":180,"column":74}},"79":{"start":{"line":182,"column":19},"end":{"line":182,"column":39}},"80":{"start":{"line":183,"column":4},"end":{"line":232,"column":5}},"81":{"start":{"line":184,"column":8},"end":{"line":184,"column":36}},"82":{"start":{"line":185,"column":28},"end":{"line":188,"column":9}},"83":{"start":{"line":189,"column":8},"end":{"line":192,"column":9}},"84":{"start":{"line":190,"column":12},"end":{"line":190,"column":43}},"85":{"start":{"line":191,"column":12},"end":{"line":191,"column":70}},"86":{"start":{"line":193,"column":27},"end":{"line":196,"column":9}},"87":{"start":{"line":197,"column":8},"end":{"line":202,"column":9}},"88":{"start":{"line":198,"column":12},"end":{"line":198,"column":43}},"89":{"start":{"line":199,"column":12},"end":{"line":201,"column":15}},"90":{"start":{"line":203,"column":23},"end":{"line":206,"column":9}},"91":{"start":{"line":207,"column":8},"end":{"line":210,"column":9}},"92":{"start":{"line":208,"column":12},"end":{"line":208,"column":43}},"93":{"start":{"line":209,"column":12},"end":{"line":209,"column":70}},"94":{"start":{"line":211,"column":8},"end":{"line":211,"column":37}},"95":{"start":{"line":212,"column":8},"end":{"line":216,"column":11}},"96":{"start":{"line":218,"column":8},"end":{"line":218,"column":39}},"97":{"start":{"line":219,"column":8},"end":{"line":219,"column":52}},"98":{"start":{"line":220,"column":8},"end":{"line":224,"column":9}},"99":{"start":{"line":221,"column":12},"end":{"line":223,"column":15}},"100":{"start":{"line":225,"column":8},"end":{"line":229,"column":11}},"101":{"start":{"line":231,"column":8},"end":{"line":231,"column":25}}},"fnMap":{"0":{"name":"(anonymous_0)","decl":{"start":{"line":9,"column":21},"end":{"line":9,"column":22}},"loc":{"start":{"line":9,"column":41},"end":{"line":26,"column":1}},"line":9},"1":{"name":"(anonymous_1)","decl":{"start":{"line":29,"column":30},"end":{"line":29,"column":31}},"loc":{"start":{"line":29,"column":50},"end":{"line":58,"column":1}},"line":29},"2":{"name":"(anonymous_2)","decl":{"start":{"line":61,"column":52},"end":{"line":61,"column":53}},"loc":{"start":{"line":61,"column":72},"end":{"line":106,"column":1}},"line":61},"3":{"name":"(anonymous_3)","decl":{"start":{"line":109,"column":60},"end":{"line":109,"column":61}},"loc":{"start":{"line":109,"column":80},"end":{"line":173,"column":1}},"line":109},"4":{"name":"(anonymous_4)","decl":{"start":{"line":176,"column":63},"end":{"line":176,"column":64}},"loc":{"start":{"line":176,"column":83},"end":{"line":233,"column":1}},"line":176}},"branchMap":{"0":{"loc":{"start":{"line":32,"column":4},"end":{"line":34,"column":5}},"type":"if","locations":[{"start":{"line":32,"column":4},"end":{"line":34,"column":5}},{"star
[...]
ne":457,"column":50},"end":{"line":526,"column":1}},"line":457},"10":{"name":"(anonymous_10)","decl":{"start":{"line":531,"column":36},"end":{"line":531,"column":37}},"loc":{"start":{"line":531,"column":56},"end":{"line":582,"column":1}},"line":531},"11":{"name":"(anonymous_11)","decl":{"start":{"line":587,"column":39},"end":{"line":587,"column":40}},"loc":{"start":{"line":587,"column":59},"end":{"line":631,"column":1}},"line":587}},"branchMap":{"0":{"loc":{"start":{"line":97,"column":8},"end":{"line":99,"column":9}},"type":"if","locations":[{"start":{"line":97,"column":8},"end":{"line":99,"column":9}},{"start":{},"end":{}}],"line":97},"1":{"loc":{"start":{"line":97,"column":12},"end":{"line":97,"column":42}},"type":"binary-expr","locations":[{"start":{"line":97,"column":12},"end":{"line":97,"column":26}},{"start":{"line":97,"column":30},"end":{"line":97,"column":42}}],"line":97},"2":{"loc":{"start":{"line":107,"column":8},"end":{"line":109,"column":9}},"type":"if","locations":[{"start":{"line":107,"column":8},"end":{"line":109,"column":9}},{"start":{},"end":{}}],"line":107},"3":{"loc":{"start":{"line":143,"column":23},"end":{"line":143,"column":40}},"type":"default-arg","locations":[{"start":{"line":143,"column":38},"end":{"line":143,"column":40}}],"line":143},"4":{"loc":{"start":{"line":147,"column":8},"end":{"line":150,"column":9}},"type":"if","locations":[{"start":{"line":147,"column":8},"end":{"line":150,"column":9}},{"start":{},"end":{}}],"line":147},"5":{"loc":{"start":{"line":147,"column":12},"end":{"line":147,"column":70}},"type":"binary-expr","locations":[{"start":{"line":147,"column":12},"end":{"line":147,"column":18}},{"start":{"line":147,"column":22},"end":{"line":147,"column":47}},{"start":{"line":147,"column":51},"end":{"line":147,"column":70}}],"line":147},"6":{"loc":{"start":{"line":161,"column":8},"end":{"line":197,"column":9}},"type":"if","locations":[{"start":{"line":161,"column":8},"end":{"line":197,"column":9}},{"start":{},"end":{}}],"line":161},"7":{"loc":{"start":{"line":161,"column":12},"end":{"line":161,"column":66}},"type":"binary-expr","locations":[{"start":{"line":161,"column":12},"end":{"line":161,"column":39}},{"start":{"line":161,"column":43},"end":{"line":161,"column":66}}],"line":161},"8":{"loc":{"start":{"line":167,"column":16},"end":{"line":170,"column":17}},"type":"if","locations":[{"start":{"line":167,"column":16},"end":{"line":170,"column":17}},{"start":{},"end":{}}],"line":167},"9":{"loc":{"start":{"line":167,"column":20},"end":{"line":167,"column":74}},"type":"binary-expr","locations":[{"start":{"line":167,"column":20},"end":{"line":167,"column":34}},{"start":{"line":167,"column":38},"end":{"line":167,"column":74}}],"line":167},"10":{"loc":{"start":{"line":174,"column":12},"end":{"line":196,"column":13}},"type":"if","locations":[{"start":{"line":174,"column":12},"end":{"line":196,"column":13}},{"start":{},"end":{}}],"line":174},"11":{"loc":{"start":{"line":184,"column":20},"end":{"line":194,"column":21}},"type":"if","locations":[{"start":{"line":184,"column":20},"end":{"line":194,"column":21}},{"start":{},"end":{}}],"line":184},"12":{"loc":{"start":{"line":190,"column":32},"end":{"line":190,"column":50}},"type":"binary-expr","locations":[{"start":{"line":190,"column":32},"end":{"line":190,"column":42}},{"start":{"line":190,"column":46},"end":{"line":190,"column":50}}],"line":190},"13":{"loc":{"start":{"line":191,"column":32},"end":{"line":191,"column":48}},"type":"binary-expr","locations":[{"start":{"line":191,"column":32},"end":{"line":191,"column":42}},{"start":{"line":191,"column":46},"end":{"line":191,"column":48}}],"line":191},"14":{"loc":{"start":{"line":237,"column":8},"end":{"line":240,"column":9}},"type":"if","locations":[{"start":{"line":237,"column":8},"end":{"line":240,"column":9}},{"start":{},"end":{}}],"line":237},"15":{"loc":{"start":{"line":237,"column":12},"end":{"line":237,"column":40}},"type":"binary-expr","locations":[{"start":{"line":237,"column":12},"end":{"line":237,"column":25}},{"start":{"line":237,"column":29},"end":{"line":237,"column":40}}],"line":237},"16":{"loc":{"start":{"line":256,"column":8},"end":{"line":259,"column":9}},"type":"if","locations":[{"start":{"line":256,"column":8},"end":{"line":259,"column":9}},{"start":{},"end":{}}],"line":256},"17":{"loc":{"start":{"line":311,"column":23},"end":{"line":311,"column":40}},"type":"default-arg","locations":[{"start":{"line":311,"column":38},"end":{"line":311,"column":40}}],"line":311},"18":{"loc":{"start":{"line":314,"column":8},"end":{"line":317,"column":9}},"type":"if","locations":[{"start":{"line":314,"column":8},"end":{"line":317,"column":9}},{"start":{},"end":{}}],"line":314},"19":{"loc":{"start":{"line":314,"column":12},"end":{"line":314,"column":40}},"type":"binary-expr","locations":[{"start":{"line":314,"column":12},"end":{"line":314,"column":25}},{"start":{"line":314,"column":29},"end":{"line":314,"column":40}}],"line":314},"20":{"loc":{"start":{"line":325,"column":8},"end":{"line":328,"column":9}},"type":"if","locations":[{"start":{"line":325,"column":8},"end":{"line":328,"column":9}},{"start":{},"end":{}}],"line":325},"21":{"loc":{"start":{"line":330,"column":8},"end":{"line":333,"column":9}},"type":"if","locations":[{"start":{"line":330,"column":8},"end":{"line":333,"column":9}},{"start":{},"end":{}}],"line":330},"22":{"loc":{"start":{"line":336,"column":8},"end":{"line":346,"column":9}},"type":"if","locations":[{"start":{"line":336,"column":8},"end":{"line":346,"column":9}},{"start":{},"end":{}}],"line":336},"23":{"loc":{"start":{"line":337,"column":12},"end":{"line":340,"column":13}},"type":"if","locations":[{"start":{"line":337,"column":12},"end":{"line":340,"column":13}},{"start":{},"end":{}}],"line":337},"24":{"loc":{"start":{"line":337,"column":16},"end":{"line":337,"column":64}},"type":"binary-expr","locations":[{"start":{"line":337,"column":16},"end":{"line":337,"column":41}},{"start":{"line":337,"column":45},"end":{"line":337,"column":64}}],"line":337},"25":{"loc":{"start":{"line":349,"column":8},"end":{"line":391,"column":9}},"type":"if","locations":[{"start":{"line":349,"column":8},"end":{"line":391,"column":9}},{"start":{},"end":{}}],"line":349},"26":{"loc":{"start":{"line":361,"column":16},"end":{"line":364,"column":17}},"type":"if","locations":[{"start":{"line":361,"column":16},"end":{"line":364,"column":17}},{"start":{},"end":{}}],"line":361},"27":{"loc":{"start":{"line":361,"column":20},"end":{"line":361,"column":74}},"type":"binary-expr","locations":[{"start":{"line":361,"column":20},"end":{"line":361,"column":34}},{"start":{"line":361,"column":38},"end":{"line":361,"column":74}}],"line":361},"28":{"loc":{"start":{"line":368,"column":12},"end":{"line":390,"column":13}},"type":"if","locations":[{"start":{"line":368,"column":12},"end":{"line":390,"column":13}},{"start":{},"end":{}}],"line":368},"29":{"loc":{"start":{"line":378,"column":20},"end":{"line":388,"column":21}},"type":"if","locations":[{"start":{"line":378,"column":20},"end":{"line":388,"column":21}},{"start":{},"end":{}}],"line":378},"30":{"loc":{"start":{"line":384,"column":32},"end":{"line":384,"column":50}},"type":"binary-expr","locations":[{"start":{"line":384,"column":32},"end":{"line":384,"column":42}},{"start":{"line":384,"column":46},"end":{"line":384,"column":50}}],"line":384},"31":{"loc":{"start":{"line":385,"column":32},"end":{"line":385,"column":48}},"type":"binary-expr","locations":[{"start":{"line":385,"column":32},"end":{"line":385,"column":42}},{"start":{"line":385,"column":46},"end":{"line":385,"column":48}}],"line":385},"32":{"loc":{"start":{"line":410,"column":8},"end":{"line":412,"column":9}},"type":"if","locations":[{"start":{"line":410,"column":8},"end":{"line":412,"column":9}},{"start":{},"end":{}}],"line":410},"33":{"loc":{"start":{"line":470,"column":4},"end":{"line":472,"column":5}},"type":"if","locations":[{"start":{"line":470,"column":4},"end":{"line":472,"column":5}},{"start":{},"end":{}}],"line":470},"34":{"loc":{"start":{"line":474,"column":17},"end":{"line":474,"column":46}},"type":"binary-expr","locations":[{"start":{"line":474,"column":17},"end":{"line":474,"column":41}},{"start":{"line":474,"column":45},"end":{"line":474,"column":46}}],"line":474},"35":{"loc":{"start":{"line":475,"column":18},"end":{"line":475,"column":49}},"type":"binary-expr","locations":[{"start":{"line":475,"column":18},"end":{"line":475,"column":43}},{"start":{"line":475,"column":47},"end":{"line":475,"column":49}}],"line":475},"36":{"loc":{"start":{"line":539,"column":8},"end":{"line":542,"column":9}},"type":"if","locations":[{"start":{"line":539,"column":8},"end":{"line":542,"column":9}},{"start":{},"end":{}}],"line":539},"37":{"loc":{"start":{"line":539,"column":12},"end":{"line":539,"column":40}},"type":"binary-expr","locations":[{"start":{"line":539,"column":12},"end":{"line":539,"column":25}},{"start":{"line":539,"column":29},"end":{"line":539,"column":40}}],"line":539},"38":{"loc":{"start":{"line":550,"column":8},"end":{"line":553,"column":9}},"type":"if","locations":[{"start":{"line":550,"column":8},"end":{"line":553,"column":9}},{"start":{},"end":{}}],"line":550},"39":{"loc":{"start":{"line":555,"column":8},"end":{"line":558,"column":9}},"type":"if","locations":[{"start":{"line":555,"column":8},"end":{"line":558,"column":9}},{"start":{},"end":{}}],"line":555},"40":{"loc":{"start":{"line":590,"column":8},"end":{"line":592,"column":9}},"type":"if","locations":[{"start":{"line":590,"column":8},"end":{"line":592,"column":9}},{"start":{},"end":{}}],"line":590},"41":{"loc":{"start":{"line":600,"column":8},"end":{"line":602,"column":9}},"type":"if","locations":[{"start":{"line":600,"column":8},"end":{"line":602,"column":9}},{"start":{},"end":{}}],"line":600}},"s":{"0":0,"1":0,"2":0,"3":0,"4":0,"5":0,"6":0,"7":0,"8":0,"9":0,"10":0,"11":0,"12":0,"13":0,"14":0,"15":0,"16":0,"17":0,"18":0,"19":0,"20":0,"21":0,"22":0,"23":0,"24":0,"25":0,"26":0,"27":0,"28":0,"29":0,"30":0,"31":0,"32":0,"33":0,"34":0,"35":0,"36":0,"37":0,"38":0,"39":0,"40":0,"41":0,"42":0,"43":0,"44":0,"45":0,"46":0,"47":0,"48":0,"49":0,"50":0,"51":0,"52":0,"53":0,"54":0,"55":0,"56":0,"57":0,"58":0,"59":0,"60":0,"61":0,"62":0,"63":0,"64":0,"65":0,"66":0,"67":0,"68":0,"69":0,"70":0,"71":0,"72":0,"73":0,"74":0,"75":0,"76":0,"77":0,"78":0,"79":0,"80":0,"81":0,"82":0,"83":0,"84":0,"85":0,"86":0,"87":0,"88":0,"89":0,"90":0,"91":0,"92":0,"93":0,"94":0,"95":0,"96":0,"97":0,"98":0,"99":0,"100":0,"101":0,"102":0,"103":0,"104":0,"105":0,"106":0,"107":0,"108":0,"109":0,"110":0,"111":0,"112":0,"113":0,"114":0,"115":0,"116":0,"117":0,"118":0,"119":0,"120":0,"121":0,"122":0,"123":0,"124":0,"125":0,"126":0,"127":0,"128":0,"129":0,"130":0,"131":0,"132":0,"133":0,"134":0,"135":0,"136":0,"137":0,"138":0,"139":0,"140":0,"141":0,"142":0,"143":0,"144":0,"145":0,"146":0,"147":0,"148":0,"149":0,"150":0,"151":0,"152":0,"153":0,"154":0,"155":0,"156":0,"157":0,"158":0,"159":0,"160":0,"161":0,"162":0,"163":0,"164":0,"165":0,"166":0,"167":0,"168":0,"169":0,"170":0,"171":0,"172":0,"173":0,"174":0,"175":0,"176":0,"177":0,"178":0,"179":0,"180":0,"181":0,"182":0,"183":0,"184":0,"185":0,"186":0,"187":0,"188":0,"189":0,"190":0,"191":0,"192":0,"193":0,"194":0,"195":0},"f":{"0":0,"1":0,"2":0,"3":0,"4":0,"5":0,"6":0,"7":0,"8":0,"9":0,"10":0,"11":0},"b":{"0":[0,0],"1":[0,0],"2":[0,0],"3":[0],"4":[0,0],"5":[0,0,0],"6":[0,0],"7":[0,0],"8":[0,0],"9":[0,0],"10":[0,0],"11":[0,0],"12":[0,0],"13":[0,0],"14":[0,0],"15":[0,0],"16":[0,0],"17":[0],"18":[0,0],"19":[0,0],"20":[0,0],"21":[0,0],"22":[0,0],"23":[0,0],"24":[0,0],"25":[0,0],"26":[0,0],"27":[0,0],"28":[0,0],"29":[0,0],"30":[0,0],"31":[0,0],"32":[0,0],"33":[0,0],"34":[0,0],"35":[0,0],"36":[0,0],"37":[0,0],"38":[0,0],"39":[0,0],"40":[0,0],"41":[0,0]}}
,"/home/sufian/Desktop/Web/animeko/backend/routes/reviewRoutes.js": {"path":"/home/sufian/Desktop/Web/animeko/backend/routes/reviewRoutes.js","statementMap":{"0":{"start":{"line":8,"column":15},"end":{"line":8,"column":31}},"1":{"start":{"line":14,"column":0},"end":{"line":59,"column":3}},"2":{"start":{"line":15,"column":19},"end":{"line":15,"column":30}},"3":{"start":{"line":16,"column":20},"end":{"line":16,"column":52}},"4":{"start":{"line":17,"column":30},"end":{"line":17,"column":38}},"5":{"start":{"line":19,"column":4},"end":{"line":21,"column":5}},"6":{"start":{"line":20,"column":8},"end":{"line":20,"column":78}},"7":{"start":{"line":22,"column":4},"end":{"line":24,"column":5}},"8":{"start":{"line":23,"column":8},"end":{"line":23,"column":94}},"9":{"start":{"line":26,"column":4},"end":{"line":58,"column":5}},"10":{"start":{"line":28,"column":25},"end":{"line":31,"column":83}},"11":{"start":{"line":34,"column":8},"end":{"line":52,"column":9}},"12":{"start":{"line":36,"column":32},"end":{"line":36,"column":48}},"13":{"start":{"line":37,"column":30},"end":{"line":43,"column":44}},"14":{"start":{"line":44,"column":12},"end":{"line":44,"column":44}},"15":{"start":{"line":47,"column":30},"end":{"line":50,"column":50}},"16":{"start":{"line":51,"column":12},"end":{"line":51,"column":44}},"17":{"start":{"line":54,"column":8},"end":{"line":54,"column":37}},"18":{"start":{"line":56,"column":8},"end":{"line":56,"column":72}},"19":{"start":{"line":57,"column":8},"end":{"line":57,"column":64}},"20":{"start":{"line":67,"column":0},"end":{"line":106,"column":3}},"21":{"start":{"line":68,"column":20},"end":{"line":68,"column":52}},"22":{"start":{"line":70,"column":4},"end":{"line":105,"column":5}},"23":{"start":{"line":71,"column":23},"end":{"line":98,"column":21}},"24":{"start":{"line":101,"column":8},"end":{"line":101,"column":43}},"25":{"start":{"line":103,"column":8},"end":{"line":103,"column":72}},"26":{"start":{"line":104,"column":8},"end":{"line":104,"column":64}},"27":{"start":{"line":108,"column":0},"end":{"line":133,"column":3}},"28":{"start":{"line":109,"column":20},"end":{"line":109,"column":52}},"29":{"start":{"line":111,"column":4},"end":{"line":132,"column":5}},"30":{"start":{"line":113,"column":23},"end":{"line":117,"column":21}},"31":{"start":{"line":119,"column":8},"end":{"line":121,"column":9}},"32":{"start":{"line":120,"column":12},"end":{"line":120,"column":71}},"33":{"start":{"line":124,"column":36},"end":{"line":124,"column":50}},"34":{"start":{"line":125,"column":8},"end":{"line":125,"column":54}},"35":{"start":{"line":125,"column":33},"end":{"line":125,"column":54}},"36":{"start":{"line":126,"column":8},"end":{"line":126,"column":36}},"37":{"start":{"line":126,"column":24},"end":{"line":126,"column":36}},"38":{"start":{"line":128,"column":8},"end":{"line":128,"column":47}},"39":{"start":{"line":130,"column":8},"end":{"line":130,"column":71}},"40":{"start":{"line":131,"column":8},"end":{"line":131,"column":64}},"41":{"start":{"line":137,"column":0},"end":{"line":148,"column":3}},"42":{"start":{"line":138,"column":23},"end":{"line":138,"column":33}},"43":{"start":{"line":139,"column":4},"end":{"line":147,"column":5}},"44":{"start":{"line":140,"column":8},"end":{"line":142,"column":59}},"45":{"start":{"line":143,"column":8},"end":{"line":143,"column":46}},"46":{"start":{"line":145,"column":8},"end":{"line":145,"column":27}},"47":{"start":{"line":146,"column":8},"end":{"line":146,"column":67}}},"fnMap":{"0":{"name":"(anonymous_0)","decl":{"start":{"line":14,"column":52},"end":{"line":14,"column":53}},"loc":{"start":{"line":14,"column":72},"end":{"line":59,"column":1}},"line":14},"1":{"name":"(anonymous_1)","decl":{"start":{"line":67,"column":38},"end":{"line":67,"column":39}},"loc":{"start":{"line":67,"column":58},"end":{"line":106,"column":1}},"line":67},"2":{"name":"(anonymous_2)","decl":{"start":{"line":108,"column":37},"end":{"line":108,"column":38}},"loc":{"start":{"line":108,"column":57},"end":{"line":133,"column":1}},"line":108},"3":{"name":"(anonymous_3)","decl":{"start":{"line":137,"column":65},"end":{"line":137,"column":66}},"loc":{"start":{"line":137,"column":85},"end":{"line":148,"column":1}},"line":137}},"branchMap":{"0":{"loc":{"start":{"line":19,"column":4},"end":{"line":21,"column":5}},"type":"if","locations":[{"start":{"line":19,"column":4},"end":{"line":21,"column":5}},{"start":{},"end":{}}],"line":19},"1":{"loc":{"start":{"line":19,"column":8},"end":{"line":19,"column":47}},"type":"binary-expr","locations":[{"start":{"line":19,"column":8},"end":{"line":19,"column":16}},{"start":{"line":19,"column":20},"end":{"line":19,"column":47}}],"line":19},"2":{"loc":{"start":{"line":22,"column":4},"end":{"line":24,"column":5}},"type":"if","locations":[{"start":{"line":22,"column":4},"end":{"line":24,"column":5}},{"start":{},"end":{}}],"line":22},"3":{"loc":{"start":{"line":22,"column":8},"end":{"line":22,"column":62}},"type":"binary-expr","locations":[{"start":{"line":22,"column":8},"end":{"line":22,"column":33}},{"start":{"line":22,"column":37},"end":{"line":22,"column":47}},{"start":{"line":22,"column":51},"end":{"line":22,"column":62}}],"line":22},"4":{"loc":{"start":{"line":34,"column":8},"end":{"line":52,"column":9}},"type":"if","locations":[{"start":{"line":34,"column":8},"end":{"line":52,"column":9}},{"start":{"line":45,"column":15},"end":{"line":52,"column":9}}],"line":34},"5":{"loc":{"start":{"line":101,"column":24},"end":{"line":101,"column":41}},"type":"binary-expr","locations":[{"start":{"line":101,"column":24},"end":{"line":101,"column":35}},{"start":{"line":101,"column":39},"end":{"line":101,"column":41}}],"line":101},"6":{"loc":{"start":{"line":119,"column":8},"end":{"line":121,"column":9}},"type":"if","locations":[{"start":{"line":119,"column":8},"end":{"line":121,"column":9}},{"start":{},"end":{}}],"line":119},"7":{"loc":{"start":{"line":125,"column":8},"end":{"line":125,"column":54}},"type":"if","locations":[{"start":{"line":125,"column":8},"end":{"line":125,"column":54}},{"start":{},"end":{}}],"line":125},"8":{"loc":{"start":{"line":126,"column":8},"end":{"line":126,"column":36}},"type":"if","locations":[{"start":{"line":126,"column":8},"end":{"line":126,"column":36}},{"start":{},"end":{}}],"line":126}},"s":{"0":0,"1":0,"2":0,"3":0,"4":0,"5":0,"6":0,"7":0,"8":0,"9":0,"10":0,"11":0,"12":0,"13":0,"14":0,"15":0,"16":0,"17":0,"18":0,"19":0,"20":0,"21":0,"22":0,"23":0,"24":0,"25":0,"26":0,"27":0,"28":0,"29":0,"30":0,"31":0,"32":0,"33":0,"34":0,"35":0,"36":0,"37":0,"38":0,"39":0,"40":0,"41":0,"42":0,"43":0,"44":0,"45":0,"46":0,"47":0},"f":{"0":0,"1":0,"2":0,"3":0},"b":{"0":[0,0],"1":[0,0],"2":[0,0],"3":[0,0,0],"4":[0,0],"5":[0,0],"6":[0,0],"7":[0,0],"8":[0,0]}}
,"/home/sufian/Desktop/Web/animeko/backend/routes/userRoutes.js": {"path":"/home/sufian/Desktop/Web/animeko/backend/routes/userRoutes.js","statementMap":{"0":{"start":{"line":7,"column":15},"end":{"line":7,"column":31}},"1":{"start":{"line":10,"column":0},"end":{"line":29,"column":3}},"2":{"start":{"line":11,"column":21},"end":{"line":11,"column":52}},"3":{"start":{"line":14,"column":19},"end":{"line":16,"column":67}},"4":{"start":{"line":17,"column":4},"end":{"line":19,"column":5}},"5":{"start":{"line":18,"column":8},"end":{"line":18,"column":65}},"6":{"start":{"line":20,"column":4},"end":{"line":22,"column":5}},"7":{"start":{"line":21,"column":8},"end":{"line":21,"column":78}},"8":{"start":{"line":25,"column":4},"end":{"line":27,"column":53}},"9":{"start":{"line":28,"column":4},"end":{"line":28,"column":48}}},"fnMap":{"0":{"name":"(anonymous_0)","decl":{"start":{"line":10,"column":56},"end":{"line":10,"column":57}},"loc":{"start":{"line":10,"column":76},"end":{"line":29,"column":1}},"line":10}},"branchMap":{"0":{"loc":{"start":{"line":17,"column":4},"end":{"line":19,"column":5}},"type":"if","locations":[{"start":{"line":17,"column":4},"end":{"line":19,"column":5}},{"start":{},"end":{}}],"line":17},"1":{"loc":{"start":{"line":20,"column":4},"end":{"line":22,"column":5}},"type":"if","locations":[{"start":{"line":20,"column":4},"end":{"line":22,"column":5}},{"start":{},"end":{}}],"line":20}},"s":{"0":0,"1":0,"2":0,"3":0,"4":0,"5":0,"6":0,"7":0,"8":0,"9":0},"f":{"0":0},"b":{"0":[0,0],"1":[0,0]}}
}
